This file contains any messages produced by compilers while
running configure, to aid debugging if configure makes a mistake.

It was created by configure, which was
generated by GNU Autoconf 2.61.  Invocation command line was

  $ ./configure --host=mips CC=mipsel-linux-gcc LDFLAGS= host_alias=mips --no-create --no-recursion

## --------- ##
## Platform. ##
## --------- ##

hostname = SA2.realtek.com
uname -m = i686
uname -r = 2.6.23.1-42.fc8
uname -s = Linux
uname -v = #1 SMP Tue Oct 30 13:55:12 EDT 2007

/usr/bin/uname -p = unknown
/bin/uname -X     = unknown

/bin/arch              = i686
/usr/bin/arch -k       = unknown
/usr/convex/getsysinfo = unknown
/usr/bin/hostinfo      = unknown
/bin/machine           = unknown
/usr/bin/oslevel       = unknown
/bin/universe          = unknown

PATH: /usr/lib/qt-3.3/bin
PATH: /usr/kerberos/bin
PATH: /usr/lib/ccache
PATH: /usr/local/bin
PATH: /bin
PATH: /usr/bin
PATH: /home/chenchieh/bin


## ----------- ##
## Core tests. ##
## ----------- ##

configure:1961: checking for a BSD-compatible install
configure:2017: result: /usr/bin/install -c
configure:2028: checking whether build environment is sane
configure:2071: result: yes
configure:2104: checking for gawk
configure:2120: found /bin/gawk
configure:2131: result: gawk
configure:2142: checking whether make sets $(MAKE)
configure:2163: result: yes
configure:2223: checking for mips-strip
configure:2253: result: no
configure:2263: checking for strip
configure:2279: found /usr/bin/strip
configure:2290: result: strip
configure:2333: checking for mips-gcc
configure:2360: result: mipsel-linux-gcc
configure:2638: checking for C compiler version
configure:2645: mipsel-linux-gcc --version >&5
2.96-sdelinuxmips-040127
configure:2648: $? = 0
configure:2655: mipsel-linux-gcc -v >&5
Reading specs from /usr/local/lib/gcc-lib/mipsel-linux/2.96-sdelinuxmips-040127/specs
gcc version 2.96-sdelinuxmips-040127
configure:2658: $? = 0
configure:2665: mipsel-linux-gcc -V >&5
mipsel-linux-gcc: argument to `-V' is missing
configure:2668: $? = 1
configure:2691: checking for C compiler default output file name
configure:2718: mipsel-linux-gcc    conftest.c  >&5
configure:2721: $? = 0
configure:2759: result: a.out
configure:2776: checking whether the C compiler works
configure:2786: ./a.out
./configure: line 2787: ./a.out: cannot execute binary file
configure:2789: $? = 126
configure:2806: result: yes
configure:2813: checking whether we are cross compiling
configure:2815: result: yes
configure:2818: checking for suffix of executables
configure:2825: mipsel-linux-gcc -o conftest    conftest.c  >&5
configure:2828: $? = 0
configure:2852: result: 
configure:2858: checking for suffix of object files
configure:2884: mipsel-linux-gcc -c   conftest.c >&5
configure:2887: $? = 0
configure:2910: result: o
configure:2914: checking whether we are using the GNU C compiler
configure:2943: mipsel-linux-gcc -c   conftest.c >&5
configure:2949: $? = 0
configure:2966: result: yes
configure:2971: checking whether mipsel-linux-gcc accepts -g
configure:3001: mipsel-linux-gcc -c -g  conftest.c >&5
configure:3007: $? = 0
configure:3106: result: yes
configure:3123: checking for mipsel-linux-gcc option to accept ISO C89
configure:3197: mipsel-linux-gcc  -c -g -O2  conftest.c >&5
configure:3203: $? = 0
configure:3226: result: none needed
configure:3263: checking for style of include used by make
configure:3291: result: GNU
configure:3319: checking dependency style of mipsel-linux-gcc
configure:3381: result: gcc
configure:3465: checking build system type
configure:3483: result: i686-pc-linux-gnu
configure:3505: checking host system type
configure:3520: result: mips-unknown-elf
configure:3542: checking for a sed that does not truncate output
configure:3598: result: /bin/sed
configure:3601: checking for grep that handles long lines and -e
configure:3675: result: /bin/grep
configure:3680: checking for egrep
configure:3758: result: /bin/grep -E
configure:3774: checking for ld used by mipsel-linux-gcc
configure:3841: result: /usr/local/mipsel-linux/bin/ld
configure:3850: checking if the linker (/usr/local/mipsel-linux/bin/ld) is GNU ld
configure:3865: result: yes
configure:3870: checking for /usr/local/mipsel-linux/bin/ld option to reload object files
configure:3877: result: -r
configure:3895: checking for BSD-compatible nm
configure:3944: result: nm
configure:3948: checking whether ln -s works
configure:3952: result: yes
configure:3959: checking how to recognize dependent libraries
configure:4145: result: unknown
configure:4387: checking how to run the C preprocessor
configure:4427: mipsel-linux-gcc -E  conftest.c
configure:4433: $? = 0
configure:4464: mipsel-linux-gcc -E  conftest.c
conftest.c:10:27: ac_nonexistent.h: No such file or directory
configure:4470: $? = 1
configure: failed program was:
| /* confdefs.h.  */
| #define PACKAGE_NAME ""
| #define PACKAGE_TARNAME ""
| #define PACKAGE_VERSION ""
| #define PACKAGE_STRING ""
| #define PACKAGE_BUGREPORT ""
| #define PACKAGE "udftools"
| #define VERSION "1.0.0b3"
| /* end confdefs.h.  */
| #include <ac_nonexistent.h>
configure:4503: result: mipsel-linux-gcc -E
configure:4532: mipsel-linux-gcc -E  conftest.c
configure:4538: $? = 0
configure:4569: mipsel-linux-gcc -E  conftest.c
conftest.c:10:27: ac_nonexistent.h: No such file or directory
configure:4575: $? = 1
configure: failed program was:
| /* confdefs.h.  */
| #define PACKAGE_NAME ""
| #define PACKAGE_TARNAME ""
| #define PACKAGE_VERSION ""
| #define PACKAGE_STRING ""
| #define PACKAGE_BUGREPORT ""
| #define PACKAGE "udftools"
| #define VERSION "1.0.0b3"
| /* end confdefs.h.  */
| #include <ac_nonexistent.h>
configure:4613: checking for ANSI C header files
configure:4643: mipsel-linux-gcc -c -g -O2  conftest.c >&5
configure:4649: $? = 0
configure:4777: result: yes
configure:4801: checking for sys/types.h
configure:4822: mipsel-linux-gcc -c -g -O2  conftest.c >&5
configure:4828: $? = 0
configure:4844: result: yes
configure:4801: checking for sys/stat.h
configure:4822: mipsel-linux-gcc -c -g -O2  conftest.c >&5
configure:4828: $? = 0
configure:4844: result: yes
configure:4801: checking for stdlib.h
configure:4822: mipsel-linux-gcc -c -g -O2  conftest.c >&5
configure:4828: $? = 0
configure:4844: result: yes
configure:4801: checking for string.h
configure:4822: mipsel-linux-gcc -c -g -O2  conftest.c >&5
configure:4828: $? = 0
configure:4844: result: yes
configure:4801: checking for memory.h
configure:4822: mipsel-linux-gcc -c -g -O2  conftest.c >&5
configure:4828: $? = 0
configure:4844: result: yes
configure:4801: checking for strings.h
configure:4822: mipsel-linux-gcc -c -g -O2  conftest.c >&5
configure:4828: $? = 0
configure:4844: result: yes
configure:4801: checking for inttypes.h
configure:4822: mipsel-linux-gcc -c -g -O2  conftest.c >&5
configure:4828: $? = 0
configure:4844: result: yes
configure:4801: checking for stdint.h
configure:4822: mipsel-linux-gcc -c -g -O2  conftest.c >&5
configure:4828: $? = 0
configure:4844: result: yes
configure:4801: checking for unistd.h
configure:4822: mipsel-linux-gcc -c -g -O2  conftest.c >&5
configure:4828: $? = 0
configure:4844: result: yes
configure:4871: checking dlfcn.h usability
configure:4888: mipsel-linux-gcc -c -g -O2  conftest.c >&5
configure:4894: $? = 0
configure:4908: result: yes
configure:4912: checking dlfcn.h presence
configure:4927: mipsel-linux-gcc -E  conftest.c
configure:4933: $? = 0
configure:4947: result: yes
configure:4975: checking for dlfcn.h
configure:4983: result: yes
configure:5010: checking for mips-g++
configure:5040: result: no
configure:5010: checking for mips-c++
configure:5040: result: no
configure:5010: checking for mips-gpp
configure:5040: result: no
configure:5010: checking for mips-aCC
configure:5040: result: no
configure:5010: checking for mips-CC
configure:5040: result: no
configure:5010: checking for mips-cxx
configure:5040: result: no
configure:5010: checking for mips-cc++
configure:5040: result: no
configure:5010: checking for mips-cl.exe
configure:5040: result: no
configure:5010: checking for mips-FCC
configure:5040: result: no
configure:5010: checking for mips-KCC
configure:5040: result: no
configure:5010: checking for mips-RCC
configure:5040: result: no
configure:5010: checking for mips-xlC_r
configure:5040: result: no
configure:5010: checking for mips-xlC
configure:5040: result: no
configure:5054: checking for g++
configure:5070: found /usr/lib/ccache/g++
configure:5081: result: g++
configure:5099: WARNING: In the future, Autoconf will not detect cross-tools
whose name does not start with the host triplet.  If you think this
configuration is useful to you, please write to autoconf@gnu.org.
configure:5112: checking for C++ compiler version
configure:5119: g++ --version >&5
g++ (GCC) 4.1.2 20070925 (Red Hat 4.1.2-33)
Copyright (C) 2006 Free Software Foundation, Inc.
This is free software; see the source for copying conditions.  There is NO
warranty; not even for MERCHANTABILITY or FITNESS FOR A PARTICULAR PURPOSE.

configure:5122: $? = 0
configure:5129: g++ -v >&5
Using built-in specs.
Target: i386-redhat-linux
Configured with: ../configure --prefix=/usr --mandir=/usr/share/man --infodir=/usr/share/info --enable-shared --enable-threads=posix --enable-checking=release --with-system-zlib --enable-__cxa_atexit --disable-libunwind-exceptions --enable-languages=c,c++,objc,obj-c++,java,fortran,ada --enable-java-awt=gtk --disable-dssi --enable-plugin --with-java-home=/usr/lib/jvm/java-1.5.0-gcj-1.5.0.0/jre --enable-libgcj-multifile --enable-java-maintainer-mode --with-ecj-jar=/usr/share/java/eclipse-ecj.jar --with-cpu=generic --host=i386-redhat-linux
Thread model: posix
gcc version 4.1.2 20070925 (Red Hat 4.1.2-33)
configure:5132: $? = 0
configure:5139: g++ -V >&5
g++: '-V' option must have argument
configure:5142: $? = 1
configure:5145: checking whether we are using the GNU C++ compiler
configure:5174: g++ -c   conftest.cpp >&5
configure:5180: $? = 0
configure:5197: result: yes
configure:5202: checking whether g++ accepts -g
configure:5232: g++ -c -g  conftest.cpp >&5
configure:5238: $? = 0
configure:5337: result: yes
configure:5362: checking dependency style of g++
configure:5424: result: gcc3
configure:5439: checking how to run the C++ preprocessor
configure:5475: g++ -E  conftest.cpp
configure:5481: $? = 0
configure:5512: g++ -E  conftest.cpp
conftest.cpp:21:28: error: ac_nonexistent.h: No such file or directory
configure:5518: $? = 1
configure: failed program was:
| /* confdefs.h.  */
| #define PACKAGE_NAME ""
| #define PACKAGE_TARNAME ""
| #define PACKAGE_VERSION ""
| #define PACKAGE_STRING ""
| #define PACKAGE_BUGREPORT ""
| #define PACKAGE "udftools"
| #define VERSION "1.0.0b3"
| #define STDC_HEADERS 1
| #define HAVE_SYS_TYPES_H 1
| #define HAVE_SYS_STAT_H 1
| #define HAVE_STDLIB_H 1
| #define HAVE_STRING_H 1
| #define HAVE_MEMORY_H 1
| #define HAVE_STRINGS_H 1
| #define HAVE_INTTYPES_H 1
| #define HAVE_STDINT_H 1
| #define HAVE_UNISTD_H 1
| #define HAVE_DLFCN_H 1
| /* end confdefs.h.  */
| #include <ac_nonexistent.h>
configure:5551: result: g++ -E
configure:5580: g++ -E  conftest.cpp
configure:5586: $? = 0
configure:5617: g++ -E  conftest.cpp
conftest.cpp:21:28: error: ac_nonexistent.h: No such file or directory
configure:5623: $? = 1
configure: failed program was:
| /* confdefs.h.  */
| #define PACKAGE_NAME ""
| #define PACKAGE_TARNAME ""
| #define PACKAGE_VERSION ""
| #define PACKAGE_STRING ""
| #define PACKAGE_BUGREPORT ""
| #define PACKAGE "udftools"
| #define VERSION "1.0.0b3"
| #define STDC_HEADERS 1
| #define HAVE_SYS_TYPES_H 1
| #define HAVE_SYS_STAT_H 1
| #define HAVE_STDLIB_H 1
| #define HAVE_STRING_H 1
| #define HAVE_MEMORY_H 1
| #define HAVE_STRINGS_H 1
| #define HAVE_INTTYPES_H 1
| #define HAVE_STDINT_H 1
| #define HAVE_UNISTD_H 1
| #define HAVE_DLFCN_H 1
| /* end confdefs.h.  */
| #include <ac_nonexistent.h>
configure:5672: checking for mips-g77
configure:5702: result: no
configure:5672: checking for mips-xlf
configure:5702: result: no
configure:5672: checking for mips-f77
configure:5702: result: no
configure:5672: checking for mips-frt
configure:5702: result: no
configure:5672: checking for mips-pgf77
configure:5702: result: no
configure:5672: checking for mips-cf77
configure:5702: result: no
configure:5672: checking for mips-fort77
configure:5702: result: no
configure:5672: checking for mips-fl32
configure:5702: result: no
configure:5672: checking for mips-af77
configure:5702: result: no
configure:5672: checking for mips-xlf90
configure:5702: result: no
configure:5672: checking for mips-f90
configure:5702: result: no
configure:5672: checking for mips-pgf90
configure:5702: result: no
configure:5672: checking for mips-pghpf
configure:5702: result: no
configure:5672: checking for mips-epcf90
configure:5702: result: no
configure:5672: checking for mips-gfortran
configure:5702: result: no
configure:5672: checking for mips-g95
configure:5702: result: no
configure:5672: checking for mips-xlf95
configure:5702: result: no
configure:5672: checking for mips-f95
configure:5702: result: no
configure:5672: checking for mips-fort
configure:5702: result: no
configure:5672: checking for mips-ifort
configure:5702: result: no
configure:5672: checking for mips-ifc
configure:5702: result: no
configure:5672: checking for mips-efc
configure:5702: result: no
configure:5672: checking for mips-pgf95
configure:5702: result: no
configure:5672: checking for mips-lf95
configure:5702: result: no
configure:5672: checking for mips-ftn
configure:5702: result: no
configure:5716: checking for g77
configure:5732: found /usr/bin/g77
configure:5743: result: g77
configure:5773: checking for Fortran 77 compiler version
configure:5780: g77 --version >&5
GNU Fortran (GCC) 3.4.6 20060404 (Red Hat 3.4.6-8)
Copyright (C) 2006 Free Software Foundation, Inc.

GNU Fortran comes with NO WARRANTY, to the extent permitted by law.
You may redistribute copies of GNU Fortran
under the terms of the GNU General Public License.
For more information about these matters, see the file named COPYING
or type the command `info -f g77 Copying'.
configure:5783: $? = 0
configure:5790: g77 -v >&5
Reading specs from /usr/lib/gcc/i386-redhat-linux/3.4.6/specs
Configured with: ../configure --prefix=/usr --mandir=/usr/share/man --infodir=/usr/share/info --enable-shared --enable-threads=posix --disable-checking --with-system-zlib --enable-__cxa_atexit --disable-libunwind-exceptions --enable-languages=c,c++,f77 --disable-libgcj --host=i386-redhat-linux
Thread model: posix
gcc version 3.4.6 20060404 (Red Hat 3.4.6-8)
configure:5793: $? = 0
configure:5800: g77 -V >&5
g77: `-V' option must have argument
configure:5803: $? = 1
configure:5811: checking whether we are using the GNU Fortran 77 compiler
configure:5830: g77 -c  conftest.F >&5
configure:5836: $? = 0
configure:5853: result: yes
configure:5859: checking whether g77 accepts -g
configure:5876: g77 -c -g conftest.f >&5
configure:5882: $? = 0
configure:5898: result: yes
configure:5928: checking the maximum length of command line arguments
configure:6040: result: 98304
configure:6052: checking command to parse nm output from mipsel-linux-gcc object
configure:6157: mipsel-linux-gcc -c -g -O2  conftest.c >&5
configure:6160: $? = 0
configure:6164: nm conftest.o \| sed -n -e 's/^.*[ 	]\([ABCDGIRSTW][ABCDGIRSTW]*\)[ 	][ 	]*\([_A-Za-z][_A-Za-z0-9]*\)$/\1 \2 \2/p' \> conftest.nm
configure:6167: $? = 0
configure:6219: mipsel-linux-gcc -o conftest -g -O2   conftest.c conftstm.o >&5
configure:6222: $? = 0
configure:6260: result: ok
configure:6264: checking for objdir
configure:6279: result: .libs
configure:6331: checking for mips-ar
configure:6361: result: no
configure:6371: checking for ar
configure:6387: found /usr/bin/ar
configure:6398: result: ar
configure:6427: checking for mips-ranlib
configure:6457: result: no
configure:6467: checking for ranlib
configure:6483: found /usr/bin/ranlib
configure:6494: result: ranlib
configure:6523: checking for mips-strip
configure:6550: result: strip
configure:6876: checking if mipsel-linux-gcc supports -fno-rtti -fno-exceptions
configure:6894: mipsel-linux-gcc -c -g -O2  -fno-rtti -fno-exceptions conftest.c >&5
configure:6898: $? = 0
configure:6911: result: yes
configure:6926: checking for mipsel-linux-gcc option to produce PIC
configure:7158: result: -fPIC
configure:7166: checking if mipsel-linux-gcc PIC flag -fPIC works
configure:7184: mipsel-linux-gcc -c -g -O2  -fPIC -DPIC conftest.c >&5
configure:7188: $? = 0
configure:7201: result: yes
configure:7229: checking if mipsel-linux-gcc static flag -static works
configure:7257: result: yes
configure:7267: checking if mipsel-linux-gcc supports -c -o file.o
configure:7288: mipsel-linux-gcc -c -g -O2  -o out/conftest2.o conftest.c >&5
configure:7292: $? = 0
configure:7314: result: yes
configure:7340: checking whether the mipsel-linux-gcc linker (/usr/local/mipsel-linux/bin/ld) supports shared libraries
configure:8320: result: yes
configure:8387: checking dynamic linker characteristics
configure:8991: result: no
configure:9000: checking how to hardcode library paths into programs
configure:9025: result: immediate
configure:9039: checking whether stripping libraries is possible
configure:9044: result: yes
configure:9846: checking if libtool supports shared libraries
configure:9848: result: no
configure:9851: checking whether to build shared libraries
configure:9872: result: no
configure:9875: checking whether to build static libraries
configure:9879: result: yes
configure:9972: creating libtool
configure:10560: checking for ld used by g++
configure:10627: result: /usr/local/mipsel-linux/bin/ld
configure:10636: checking if the linker (/usr/local/mipsel-linux/bin/ld) is GNU ld
configure:10651: result: yes
configure:10702: checking whether the g++ linker (/usr/local/mipsel-linux/bin/ld) supports shared libraries
configure:11676: result: no
configure:11694: g++ -c -g -O2  conftest.cpp >&5
configure:11697: $? = 0
configure:11849: checking for g++ option to produce PIC
configure:12133: result: -fPIC
configure:12141: checking if g++ PIC flag -fPIC works
configure:12159: g++ -c -g -O2  -fPIC -DPIC conftest.cpp >&5
configure:12163: $? = 0
configure:12176: result: yes
configure:12204: checking if g++ static flag -static works
configure:12232: result: yes
configure:12242: checking if g++ supports -c -o file.o
configure:12263: g++ -c -g -O2  -o out/conftest2.o conftest.cpp >&5
configure:12267: $? = 0
configure:12289: result: yes
configure:12315: checking whether the g++ linker (/usr/local/mipsel-linux/bin/ld) supports shared libraries
configure:12340: result: no
configure:12407: checking dynamic linker characteristics
configure:12959: result: no
configure:12968: checking how to hardcode library paths into programs
configure:12993: result: immediate
configure:13527: checking if libtool supports shared libraries
configure:13529: result: no
configure:13532: checking whether to build shared libraries
configure:13552: result: no
configure:13555: checking whether to build static libraries
configure:13559: result: yes
configure:13569: checking for g77 option to produce PIC
configure:13801: result: -fPIC
configure:13809: checking if g77 PIC flag -fPIC works
configure:13827: g77 -c -g -O2 -fPIC conftest.f >&5
configure:13831: $? = 0
configure:13844: result: yes
configure:13872: checking if g77 static flag -static works
configure:13900: result: yes
configure:13910: checking if g77 supports -c -o file.o
configure:13931: g77 -c -g -O2 -o out/conftest2.o conftest.f >&5
configure:13935: $? = 0
configure:13957: result: yes
configure:13983: checking whether the g77 linker (/usr/local/mipsel-linux/bin/ld) supports shared libraries
configure:14943: result: yes
configure:15010: checking dynamic linker characteristics
configure:15562: result: no
configure:15571: checking how to hardcode library paths into programs
configure:15596: result: immediate
configure:19170: checking for ANSI C header files
configure:19334: result: yes
configure:19367: checking fcntl.h usability
configure:19384: mipsel-linux-gcc -c -g -O2  conftest.c >&5
configure:19390: $? = 0
configure:19404: result: yes
configure:19408: checking fcntl.h presence
configure:19423: mipsel-linux-gcc -E  conftest.c
configure:19429: $? = 0
configure:19443: result: yes
configure:19471: checking for fcntl.h
configure:19479: result: yes
configure:19367: checking malloc.h usability
configure:19384: mipsel-linux-gcc -c -g -O2  conftest.c >&5
configure:19390: $? = 0
configure:19404: result: yes
configure:19408: checking malloc.h presence
configure:19423: mipsel-linux-gcc -E  conftest.c
configure:19429: $? = 0
configure:19443: result: yes
configure:19471: checking for malloc.h
configure:19479: result: yes
configure:19367: checking sys/time.h usability
configure:19384: mipsel-linux-gcc -c -g -O2  conftest.c >&5
configure:19390: $? = 0
configure:19404: result: yes
configure:19408: checking sys/time.h presence
configure:19423: mipsel-linux-gcc -E  conftest.c
configure:19429: $? = 0
configure:19443: result: yes
configure:19471: checking for sys/time.h
configure:19479: result: yes
configure:19357: checking for unistd.h
configure:19363: result: yes
configure:19367: checking endian.h usability
configure:19384: mipsel-linux-gcc -c -g -O2  conftest.c >&5
configure:19390: $? = 0
configure:19404: result: yes
configure:19408: checking endian.h presence
configure:19423: mipsel-linux-gcc -E  conftest.c
configure:19429: $? = 0
configure:19443: result: yes
configure:19471: checking for endian.h
configure:19479: result: yes
configure:19367: checking getopt.h usability
configure:19384: mipsel-linux-gcc -c -g -O2  conftest.c >&5
configure:19390: $? = 0
configure:19404: result: yes
configure:19408: checking getopt.h presence
configure:19423: mipsel-linux-gcc -E  conftest.c
configure:19429: $? = 0
configure:19443: result: yes
configure:19471: checking for getopt.h
configure:19479: result: yes
configure:19367: checking sys/isa_defs.h usability
configure:19384: mipsel-linux-gcc -c -g -O2  conftest.c >&5
conftest.c:61:25: sys/isa_defs.h: No such file or directory
configure:19390: $? = 1
configure: failed program was:
| /* confdefs.h.  */
| #define PACKAGE_NAME ""
| #define PACKAGE_TARNAME ""
| #define PACKAGE_VERSION ""
| #define PACKAGE_STRING ""
| #define PACKAGE_BUGREPORT ""
| #define PACKAGE "udftools"
| #define VERSION "1.0.0b3"
| #define STDC_HEADERS 1
| #define HAVE_SYS_TYPES_H 1
| #define HAVE_SYS_STAT_H 1
| #define HAVE_STDLIB_H 1
| #define HAVE_STRING_H 1
| #define HAVE_MEMORY_H 1
| #define HAVE_STRINGS_H 1
| #define HAVE_INTTYPES_H 1
| #define HAVE_STDINT_H 1
| #define HAVE_UNISTD_H 1
| #define HAVE_DLFCN_H 1
| #define STDC_HEADERS 1
| #define HAVE_FCNTL_H 1
| #define HAVE_MALLOC_H 1
| #define HAVE_SYS_TIME_H 1
| #define HAVE_UNISTD_H 1
| #define HAVE_ENDIAN_H 1
| #define HAVE_GETOPT_H 1
| /* end confdefs.h.  */
| #include <stdio.h>
| #ifdef HAVE_SYS_TYPES_H
| # include <sys/types.h>
| #endif
| #ifdef HAVE_SYS_STAT_H
| # include <sys/stat.h>
| #endif
| #ifdef STDC_HEADERS
| # include <stdlib.h>
| # include <stddef.h>
| #else
| # ifdef HAVE_STDLIB_H
| #  include <stdlib.h>
| # endif
| #endif
| #ifdef HAVE_STRING_H
| # if !defined STDC_HEADERS && defined HAVE_MEMORY_H
| #  include <memory.h>
| # endif
| # include <string.h>
| #endif
| #ifdef HAVE_STRINGS_H
| # include <strings.h>
| #endif
| #ifdef HAVE_INTTYPES_H
| # include <inttypes.h>
| #endif
| #ifdef HAVE_STDINT_H
| # include <stdint.h>
| #endif
| #ifdef HAVE_UNISTD_H
| # include <unistd.h>
| #endif
| #include <sys/isa_defs.h>
configure:19404: result: no
configure:19408: checking sys/isa_defs.h presence
configure:19423: mipsel-linux-gcc -E  conftest.c
conftest.c:28:25: sys/isa_defs.h: No such file or directory
configure:19429: $? = 1
configure: failed program was:
| /* confdefs.h.  */
| #define PACKAGE_NAME ""
| #define PACKAGE_TARNAME ""
| #define PACKAGE_VERSION ""
| #define PACKAGE_STRING ""
| #define PACKAGE_BUGREPORT ""
| #define PACKAGE "udftools"
| #define VERSION "1.0.0b3"
| #define STDC_HEADERS 1
| #define HAVE_SYS_TYPES_H 1
| #define HAVE_SYS_STAT_H 1
| #define HAVE_STDLIB_H 1
| #define HAVE_STRING_H 1
| #define HAVE_MEMORY_H 1
| #define HAVE_STRINGS_H 1
| #define HAVE_INTTYPES_H 1
| #define HAVE_STDINT_H 1
| #define HAVE_UNISTD_H 1
| #define HAVE_DLFCN_H 1
| #define STDC_HEADERS 1
| #define HAVE_FCNTL_H 1
| #define HAVE_MALLOC_H 1
| #define HAVE_SYS_TIME_H 1
| #define HAVE_UNISTD_H 1
| #define HAVE_ENDIAN_H 1
| #define HAVE_GETOPT_H 1
| /* end confdefs.h.  */
| #include <sys/isa_defs.h>
configure:19443: result: no
configure:19471: checking for sys/isa_defs.h
configure:19479: result: no
configure:19357: checking for string.h
configure:19363: result: yes
configure:19357: checking for strings.h
configure:19363: result: yes
configure:19493: checking for inline
configure:19519: mipsel-linux-gcc -c -g -O2  conftest.c >&5
configure:19525: $? = 0
configure:19543: result: inline
configure:19562: checking whether time.h and sys/time.h may both be included
configure:19592: mipsel-linux-gcc -c -g -O2  conftest.c >&5
configure:19598: $? = 0
configure:19613: result: yes
configure:19623: checking whether struct tm is in sys/time.h or time.h
configure:19653: mipsel-linux-gcc -c -g -O2  conftest.c >&5
configure:19659: $? = 0
configure:19674: result: time.h
configure:19693: checking for gettimeofday
configure:19749: mipsel-linux-gcc -o conftest -g -O2   conftest.c  >&5
configure:19755: $? = 0
configure:19773: result: yes
configure:19693: checking for mktime
configure:19749: mipsel-linux-gcc -o conftest -g -O2   conftest.c  >&5
configure:19755: $? = 0
configure:19773: result: yes
configure:19693: checking for open64
configure:19749: mipsel-linux-gcc -o conftest -g -O2   conftest.c  >&5
configure:19755: $? = 0
configure:19773: result: yes
configure:19693: checking for lseek64
configure:19749: mipsel-linux-gcc -o conftest -g -O2   conftest.c  >&5
configure:19755: $? = 0
configure:19773: result: yes
configure:19693: checking for llseek
configure:19749: mipsel-linux-gcc -o conftest -g -O2   conftest.c  >&5
configure:19755: $? = 0
configure:19773: result: yes
configure:19787: checking for getopt_long
configure:19843: mipsel-linux-gcc -o conftest -g -O2   conftest.c  >&5
configure:19849: $? = 0
configure:19867: result: yes
configure:19994: creating ./config.status

## ---------------- ##
## Cache variables. ##
## ---------------- ##

ac_cv_build=i686-pc-linux-gnu
ac_cv_c_compiler_gnu=yes
ac_cv_c_inline=inline
ac_cv_cxx_compiler_gnu=yes
ac_cv_env_CCC_set=
ac_cv_env_CCC_value=
ac_cv_env_CC_set=set
ac_cv_env_CC_value=mipsel-linux-gcc
ac_cv_env_CFLAGS_set=
ac_cv_env_CFLAGS_value=
ac_cv_env_CPPFLAGS_set=
ac_cv_env_CPPFLAGS_value=
ac_cv_env_CPP_set=
ac_cv_env_CPP_value=
ac_cv_env_CXXCPP_set=
ac_cv_env_CXXCPP_value=
ac_cv_env_CXXFLAGS_set=
ac_cv_env_CXXFLAGS_value=
ac_cv_env_CXX_set=
ac_cv_env_CXX_value=
ac_cv_env_F77_set=
ac_cv_env_F77_value=
ac_cv_env_FFLAGS_set=
ac_cv_env_FFLAGS_value=
ac_cv_env_LDFLAGS_set=set
ac_cv_env_LDFLAGS_value=
ac_cv_env_LIBS_set=
ac_cv_env_LIBS_value=
ac_cv_env_build_alias_set=
ac_cv_env_build_alias_value=
ac_cv_env_host_alias_set=set
ac_cv_env_host_alias_value=mips
ac_cv_env_target_alias_set=
ac_cv_env_target_alias_value=
ac_cv_f77_compiler_gnu=yes
ac_cv_func_getopt_long=yes
ac_cv_func_gettimeofday=yes
ac_cv_func_llseek=yes
ac_cv_func_lseek64=yes
ac_cv_func_mktime=yes
ac_cv_func_open64=yes
ac_cv_header_dlfcn_h=yes
ac_cv_header_endian_h=yes
ac_cv_header_fcntl_h=yes
ac_cv_header_getopt_h=yes
ac_cv_header_inttypes_h=yes
ac_cv_header_malloc_h=yes
ac_cv_header_memory_h=yes
ac_cv_header_stdc=yes
ac_cv_header_stdint_h=yes
ac_cv_header_stdlib_h=yes
ac_cv_header_string_h=yes
ac_cv_header_strings_h=yes
ac_cv_header_sys_isa_defs_h=no
ac_cv_header_sys_stat_h=yes
ac_cv_header_sys_time_h=yes
ac_cv_header_sys_types_h=yes
ac_cv_header_time=yes
ac_cv_header_unistd_h=yes
ac_cv_host=mips-unknown-elf
ac_cv_objext=o
ac_cv_path_EGREP='/bin/grep -E'
ac_cv_path_GREP=/bin/grep
ac_cv_path_install='/usr/bin/install -c'
ac_cv_prog_AWK=gawk
ac_cv_prog_CC=mipsel-linux-gcc
ac_cv_prog_CPP='mipsel-linux-gcc -E'
ac_cv_prog_CXXCPP='g++ -E'
ac_cv_prog_STRIP=strip
ac_cv_prog_ac_ct_AR=ar
ac_cv_prog_ac_ct_CXX=g++
ac_cv_prog_ac_ct_F77=g77
ac_cv_prog_ac_ct_RANLIB=ranlib
ac_cv_prog_ac_ct_STRIP=strip
ac_cv_prog_cc_c89=
ac_cv_prog_cc_g=yes
ac_cv_prog_cxx_g=yes
ac_cv_prog_f77_g=yes
ac_cv_prog_make_make_set=yes
ac_cv_struct_tm=time.h
am_cv_CC_dependencies_compiler_type=gcc
am_cv_CXX_dependencies_compiler_type=gcc3
lt_cv_deplibs_check_method=unknown
lt_cv_file_magic_cmd='$MAGIC_CMD'
lt_cv_file_magic_test_file=
lt_cv_ld_reload_flag=-r
lt_cv_objdir=.libs
lt_cv_path_LD=/usr/local/mipsel-linux/bin/ld
lt_cv_path_LDCXX=/usr/local/mipsel-linux/bin/ld
lt_cv_path_NM=nm
lt_cv_path_SED=/bin/sed
lt_cv_prog_compiler_c_o=yes
lt_cv_prog_compiler_c_o_CXX=yes
lt_cv_prog_compiler_c_o_F77=yes
lt_cv_prog_compiler_rtti_exceptions=yes
lt_cv_prog_gnu_ld=yes
lt_cv_prog_gnu_ldcxx=yes
lt_cv_sys_global_symbol_pipe='sed -n -e '\''s/^.*[ 	]\([ABCDGIRSTW][ABCDGIRSTW]*\)[ 	][ 	]*\([_A-Za-z][_A-Za-z0-9]*\)$/\1 \2 \2/p'\'''
lt_cv_sys_global_symbol_to_c_name_address='sed -n -e '\''s/^: \([^ ]*\) $/  {\"\1\", (lt_ptr) 0},/p'\'' -e '\''s/^[BCDEGRST] \([^ ]*\) \([^ ]*\)$/  {"\2", (lt_ptr) \&\2},/p'\'''
lt_cv_sys_global_symbol_to_cdecl='sed -n -e '\''s/^. .* \(.*\)$/extern int \1;/p'\'''
lt_cv_sys_max_cmd_len=98304
lt_lt_cv_prog_compiler_c_o='"yes"'
lt_lt_cv_prog_compiler_c_o_CXX='"yes"'
lt_lt_cv_prog_compiler_c_o_F77='"yes"'
lt_lt_cv_sys_global_symbol_pipe='"sed -n -e '\''s/^.*[ 	]\\([ABCDGIRSTW][ABCDGIRSTW]*\\)[ 	][ 	]*\\([_A-Za-z][_A-Za-z0-9]*\\)\$/\\1 \\2 \\2/p'\''"'
lt_lt_cv_sys_global_symbol_to_c_name_address='"sed -n -e '\''s/^: \\([^ ]*\\) \$/  {\\\"\\1\\\", (lt_ptr) 0},/p'\'' -e '\''s/^[BCDEGRST] \\([^ ]*\\) \\([^ ]*\\)\$/  {\"\\2\", (lt_ptr) \\&\\2},/p'\''"'
lt_lt_cv_sys_global_symbol_to_cdecl='"sed -n -e '\''s/^. .* \\(.*\\)\$/extern int \\1;/p'\''"'

## ----------------- ##
## Output variables. ##
## ----------------- ##

ACLOCAL='${SHELL} /home5/chenchieh/QA0511_cloudlet_100525/os/Linux_mars_v2_QA0511/system/ap/develop/udftools/udftools-1.0.0b3/config/missing --run aclocal-1.6'
AMDEPBACKSLASH='\'
AMDEP_FALSE='#'
AMDEP_TRUE=''
AMTAR='${SHELL} /home5/chenchieh/QA0511_cloudlet_100525/os/Linux_mars_v2_QA0511/system/ap/develop/udftools/udftools-1.0.0b3/config/missing --run tar'
AR='ar'
AUTOCONF='${SHELL} /home5/chenchieh/QA0511_cloudlet_100525/os/Linux_mars_v2_QA0511/system/ap/develop/udftools/udftools-1.0.0b3/config/missing --run autoconf'
AUTOHEADER='${SHELL} /home5/chenchieh/QA0511_cloudlet_100525/os/Linux_mars_v2_QA0511/system/ap/develop/udftools/udftools-1.0.0b3/config/missing --run autoheader'
AUTOMAKE='${SHELL} /home5/chenchieh/QA0511_cloudlet_100525/os/Linux_mars_v2_QA0511/system/ap/develop/udftools/udftools-1.0.0b3/config/missing --run automake-1.6'
AWK='gawk'
CC='mipsel-linux-gcc'
CCDEPMODE='depmode=gcc'
CFLAGS='-g -O2'
CPP='mipsel-linux-gcc -E'
CPPFLAGS=''
CXX='g++'
CXXCPP='g++ -E'
CXXDEPMODE='depmode=gcc3'
CXXFLAGS='-g -O2'
DEFS='-DHAVE_CONFIG_H'
DEPDIR='.deps'
ECHO='echo'
ECHO_C=''
ECHO_N='-n'
ECHO_T=''
EGREP='/bin/grep -E'
EXEEXT=''
F77='g77'
FFLAGS='-g -O2'
GREP='/bin/grep'
INSTALL_DATA='${INSTALL} -m 644'
INSTALL_PROGRAM='${INSTALL}'
INSTALL_SCRIPT='${INSTALL}'
INSTALL_STRIP_PROGRAM='${SHELL} $(install_sh) -c -s'
LDFLAGS=''
LIBOBJS=''
LIBS=''
LIBTOOL='$(SHELL) $(top_builddir)/libtool'
LN_S='ln -s'
LTLIBOBJS=''
MAKEINFO='${SHELL} /home5/chenchieh/QA0511_cloudlet_100525/os/Linux_mars_v2_QA0511/system/ap/develop/udftools/udftools-1.0.0b3/config/missing --run makeinfo'
OBJEXT='o'
PACKAGE='udftools'
PACKAGE_BUGREPORT=''
PACKAGE_NAME=''
PACKAGE_STRING=''
PACKAGE_TARNAME=''
PACKAGE_VERSION=''
PATH_SEPARATOR=':'
RANLIB='ranlib'
SED='/bin/sed'
SET_MAKE=''
SHELL='/bin/sh'
STRIP='strip'
VERSION='1.0.0b3'
ac_ct_CC=''
ac_ct_CXX='g++'
ac_ct_F77='g77'
am__include='include'
am__quote=''
bindir='${exec_prefix}/bin'
build='i686-pc-linux-gnu'
build_alias=''
build_cpu='i686'
build_os='linux-gnu'
build_vendor='pc'
datadir='${datarootdir}'
datarootdir='${prefix}/share'
docdir='${datarootdir}/doc/${PACKAGE}'
dvidir='${docdir}'
exec_prefix='${prefix}'
host='mips-unknown-elf'
host_alias='mips'
host_cpu='mips'
host_os='elf'
host_vendor='unknown'
htmldir='${docdir}'
includedir='${prefix}/include'
infodir='${datarootdir}/info'
install_sh='/home5/chenchieh/QA0511_cloudlet_100525/os/Linux_mars_v2_QA0511/system/ap/develop/udftools/udftools-1.0.0b3/config/install-sh'
libdir='${exec_prefix}/lib'
libexecdir='${exec_prefix}/libexec'
localedir='${datarootdir}/locale'
localstatedir='${prefix}/var'
mandir='${datarootdir}/man'
oldincludedir='/usr/include'
pdfdir='${docdir}'
prefix='/usr/local'
program_transform_name='s,x,x,'
psdir='${docdir}'
sbindir='${exec_prefix}/sbin'
sharedstatedir='${prefix}/com'
sysconfdir='${prefix}/etc'
target_alias=''

## ----------- ##
## confdefs.h. ##
## ----------- ##

#define PACKAGE_NAME ""
#define PACKAGE_TARNAME ""
#define PACKAGE_VERSION ""
#define PACKAGE_STRING ""
#define PACKAGE_BUGREPORT ""
#define PACKAGE "udftools"
#define VERSION "1.0.0b3"
#define STDC_HEADERS 1
#define HAVE_SYS_TYPES_H 1
#define HAVE_SYS_STAT_H 1
#define HAVE_STDLIB_H 1
#define HAVE_STRING_H 1
#define HAVE_MEMORY_H 1
#define HAVE_STRINGS_H 1
#define HAVE_INTTYPES_H 1
#define HAVE_STDINT_H 1
#define HAVE_UNISTD_H 1
#define HAVE_DLFCN_H 1
#define STDC_HEADERS 1
#define HAVE_FCNTL_H 1
#define HAVE_MALLOC_H 1
#define HAVE_SYS_TIME_H 1
#define HAVE_UNISTD_H 1
#define HAVE_ENDIAN_H 1
#define HAVE_GETOPT_H 1
#define HAVE_STRING_H 1
#define HAVE_STRINGS_H 1
#define TIME_WITH_SYS_TIME 1
#define HAVE_GETTIMEOFDAY 1
#define HAVE_MKTIME 1
#define HAVE_OPEN64 1
#define HAVE_LSEEK64 1
#define HAVE_LLSEEK 1
#define HAVE_GETOPT_LONG 1

configure: exit 0

## ---------------------- ##
## Running config.status. ##
## ---------------------- ##

This file was extended by config.status, which was
generated by GNU Autoconf 2.61.  Invocation command line was

  CONFIG_FILES    = 
  CONFIG_HEADERS  = 
  CONFIG_LINKS    = 
  CONFIG_COMMANDS = 
  $ ./config.status Makefile

on SA2.realtek.com

config.status:656: creating Makefile
config.status:791: WARNING:  Makefile.in seems to ignore the --datarootdir setting

## ---------------------- ##
## Running config.status. ##
## ---------------------- ##

This file was extended by config.status, which was
generated by GNU Autoconf 2.61.  Invocation command line was

  CONFIG_FILES    = 
  CONFIG_HEADERS  = 
  CONFIG_LINKS    = 
  CONFIG_COMMANDS = 
  $ ./config.status udfct/Makefile

on SA2.realtek.com

config.status:656: creating udfct/Makefile
config.status:791: WARNING:  udfct/Makefile.in seems to ignore the --datarootdir setting

## ---------------------- ##
## Running config.status. ##
## ---------------------- ##

This file was extended by config.status, which was
generated by GNU Autoconf 2.61.  Invocation command line was

  CONFIG_FILES    = 
  CONFIG_HEADERS  = 
  CONFIG_LINKS    = 
  CONFIG_COMMANDS = 
  $ ./config.status doc/Makefile

on SA2.realtek.com

config.status:656: creating doc/Makefile
config.status:791: WARNING:  doc/Makefile.in seems to ignore the --datarootdir setting

## ---------------------- ##
## Running config.status. ##
## ---------------------- ##

This file was extended by config.status, which was
generated by GNU Autoconf 2.61.  Invocation command line was

  CONFIG_FILES    = 
  CONFIG_HEADERS  = 
  CONFIG_LINKS    = 
  CONFIG_COMMANDS = 
  $ ./config.status wrudf/Makefile depfiles

on SA2.realtek.com

config.status:656: creating wrudf/Makefile
config.status:791: WARNING:  wrudf/Makefile.in seems to ignore the --datarootdir setting
config.status:906: executing depfiles commands

## ---------------------- ##
## Running config.status. ##
## ---------------------- ##

This file was extended by config.status, which was
generated by GNU Autoconf 2.61.  Invocation command line was

  CONFIG_FILES    = 
  CONFIG_HEADERS  = 
  CONFIG_LINKS    = 
  CONFIG_COMMANDS = 
  $ ./config.status udffsck/Makefile depfiles

on SA2.realtek.com

config.status:656: creating udffsck/Makefile
config.status:791: WARNING:  udffsck/Makefile.in seems to ignore the --datarootdir setting
config.status:906: executing depfiles commands

## ---------------------- ##
## Running config.status. ##
## ---------------------- ##

This file was extended by config.status, which was
generated by GNU Autoconf 2.61.  Invocation command line was

  CONFIG_FILES    = 
  CONFIG_HEADERS  = 
  CONFIG_LINKS    = 
  CONFIG_COMMANDS = 
  $ ./config.status pktsetup/Makefile depfiles

on SA2.realtek.com

config.status:656: creating pktsetup/Makefile
config.status:791: WARNING:  pktsetup/Makefile.in seems to ignore the --datarootdir setting
config.status:906: executing depfiles commands

## ---------------------- ##
## Running config.status. ##
## ---------------------- ##

This file was extended by config.status, which was
generated by GNU Autoconf 2.61.  Invocation command line was

  CONFIG_FILES    = 
  CONFIG_HEADERS  = 
  CONFIG_LINKS    = 
  CONFIG_COMMANDS = 
  $ ./config.status cdrwtool/Makefile depfiles

on SA2.realtek.com

config.status:656: creating cdrwtool/Makefile
config.status:791: WARNING:  cdrwtool/Makefile.in seems to ignore the --datarootdir setting
config.status:906: executing depfiles commands

## ---------------------- ##
## Running config.status. ##
## ---------------------- ##

This file was extended by config.status, which was
generated by GNU Autoconf 2.61.  Invocation command line was

  CONFIG_FILES    = 
  CONFIG_HEADERS  = 
  CONFIG_LINKS    = 
  CONFIG_COMMANDS = 
  $ ./config.status mkudffs/Makefile depfiles

on SA2.realtek.com

config.status:656: creating mkudffs/Makefile
config.status:791: WARNING:  mkudffs/Makefile.in seems to ignore the --datarootdir setting
config.status:906: executing depfiles commands

## ---------------------- ##
## Running config.status. ##
## ---------------------- ##

This file was extended by config.status, which was
generated by GNU Autoconf 2.61.  Invocation command line was

  CONFIG_FILES    = 
  CONFIG_HEADERS  = 
  CONFIG_LINKS    = 
  CONFIG_COMMANDS = 
  $ ./config.status libudffs/Makefile depfiles

on SA2.realtek.com

config.status:656: creating libudffs/Makefile
config.status:791: WARNING:  libudffs/Makefile.in seems to ignore the --datarootdir setting
config.status:906: executing depfiles commands
