This file contains any messages produced by compilers while
running configure, to aid debugging if configure makes a mistake.

It was created by neon configure 0.28.6, which was
generated by GNU Autoconf 2.63.  Invocation command line was

  $ ./configure 

## --------- ##
## Platform. ##
## --------- ##

hostname = ginger
uname -m = i686
uname -r = 2.6.27.5-117.fc10.i686
uname -s = Linux
uname -v = #1 SMP Tue Nov 18 12:19:59 EST 2008

/usr/bin/uname -p = unknown
/bin/uname -X     = unknown

/bin/arch              = i686
/usr/bin/arch -k       = unknown
/usr/convex/getsysinfo = unknown
/usr/bin/hostinfo      = unknown
/bin/machine           = unknown
/usr/bin/oslevel       = unknown
/bin/universe          = unknown

PATH: /usr/local/bin
PATH: /usr/lib/qt-3.3/bin
PATH: /usr/kerberos/bin
PATH: /usr/lib/ccache
PATH: /usr/local/bin
PATH: /usr/local/bin
PATH: /usr/bin
PATH: /bin
PATH: /usr/X11R6/bin


## ----------- ##
## Core tests. ##
## ----------- ##

configure:2163: checking for a BSD-compatible install
configure:2231: result: /usr/bin/install -c
configure:2354: checking for gcc
configure:2370: found /usr/lib/ccache/gcc
configure:2381: result: gcc
configure:2613: checking for C compiler version
configure:2621: gcc --version >&5
gcc (GCC) 4.3.2 20081105 (Red Hat 4.3.2-7)
Copyright (C) 2008 Free Software Foundation, Inc.
This is free software; see the source for copying conditions.  There is NO
warranty; not even for MERCHANTABILITY or FITNESS FOR A PARTICULAR PURPOSE.

configure:2625: $? = 0
configure:2632: gcc -v >&5
Using built-in specs.
Target: i386-redhat-linux
Configured with: ../configure --prefix=/usr --mandir=/usr/share/man --infodir=/usr/share/info --with-bugurl=http://bugzilla.redhat.com/bugzilla --enable-bootstrap --enable-shared --enable-threads=posix --enable-checking=release --with-system-zlib --enable-__cxa_atexit --disable-libunwind-exceptions --enable-languages=c,c++,objc,obj-c++,java,fortran,ada --enable-java-awt=gtk --disable-dssi --enable-plugin --with-java-home=/usr/lib/jvm/java-1.5.0-gcj-1.5.0.0/jre --enable-libgcj-multifile --enable-java-maintainer-mode --with-ecj-jar=/usr/share/java/eclipse-ecj.jar --disable-libjava-multilib --with-cpu=generic --build=i386-redhat-linux
Thread model: posix
gcc version 4.3.2 20081105 (Red Hat 4.3.2-7) (GCC) 
configure:2636: $? = 0
configure:2643: gcc -V >&5
gcc: '-V' option must have argument
configure:2647: $? = 1
configure:2670: checking for C compiler default output file name
configure:2692: gcc    conftest.c  >&5
configure:2696: $? = 0
configure:2734: result: a.out
configure:2753: checking whether the C compiler works
configure:2763: ./a.out
configure:2767: $? = 0
configure:2786: result: yes
configure:2793: checking whether we are cross compiling
configure:2795: result: no
configure:2798: checking for suffix of executables
configure:2805: gcc -o conftest    conftest.c  >&5
configure:2809: $? = 0
configure:2835: result: 
configure:2841: checking for suffix of object files
configure:2867: gcc -c   conftest.c >&5
configure:2871: $? = 0
configure:2896: result: o
configure:2900: checking whether we are using the GNU C compiler
configure:2929: gcc -c   conftest.c >&5
configure:2936: $? = 0
configure:2953: result: yes
configure:2962: checking whether gcc accepts -g
configure:2992: gcc -c -g  conftest.c >&5
configure:2999: $? = 0
configure:3100: result: yes
configure:3117: checking for gcc option to accept ISO C89
configure:3191: gcc  -c -g -O2  conftest.c >&5
configure:3198: $? = 0
configure:3221: result: none needed
configure:3245: checking how to run the C preprocessor
configure:3285: gcc -E  conftest.c
configure:3292: $? = 0
configure:3323: gcc -E  conftest.c
conftest.c:14:28: error: ac_nonexistent.h: No such file or directory
configure:3330: $? = 1
configure: failed program was:
| /* confdefs.h.  */
| #define PACKAGE_NAME "neon"
| #define PACKAGE_TARNAME "neon"
| #define PACKAGE_VERSION "0.28.6"
| #define PACKAGE_STRING "neon 0.28.6"
| #define PACKAGE_BUGREPORT "neon@lists.manyfish.co.uk"
| #define _GNU_SOURCE 1
| #define NEON_IS_LIBRARY 1
| #define NEON_VERSION "0.28.6"
| #define NE_VERSION_MAJOR (0)
| #define NE_VERSION_MINOR (28)
| #define NE_VERSION_PATCH (6)
| /* end confdefs.h.  */
| #include <ac_nonexistent.h>
configure:3363: result: gcc -E
configure:3392: gcc -E  conftest.c
configure:3399: $? = 0
configure:3430: gcc -E  conftest.c
conftest.c:14:28: error: ac_nonexistent.h: No such file or directory
configure:3437: $? = 1
configure: failed program was:
| /* confdefs.h.  */
| #define PACKAGE_NAME "neon"
| #define PACKAGE_TARNAME "neon"
| #define PACKAGE_VERSION "0.28.6"
| #define PACKAGE_STRING "neon 0.28.6"
| #define PACKAGE_BUGREPORT "neon@lists.manyfish.co.uk"
| #define _GNU_SOURCE 1
| #define NEON_IS_LIBRARY 1
| #define NEON_VERSION "0.28.6"
| #define NE_VERSION_MAJOR (0)
| #define NE_VERSION_MINOR (28)
| #define NE_VERSION_PATCH (6)
| /* end confdefs.h.  */
| #include <ac_nonexistent.h>
configure:3477: checking for grep that handles long lines and -e
configure:3537: result: /bin/grep
configure:3542: checking for egrep
configure:3606: result: /bin/grep -E
configure:3611: checking for ANSI C header files
configure:3641: gcc -c -g -O2  conftest.c >&5
configure:3648: $? = 0
configure:3747: gcc -o conftest -g -O2   conftest.c  >&5
configure:3751: $? = 0
configure:3757: ./conftest
configure:3761: $? = 0
configure:3779: result: yes
configure:3803: checking for sys/types.h
configure:3824: gcc -c -g -O2  conftest.c >&5
configure:3831: $? = 0
configure:3848: result: yes
configure:3803: checking for sys/stat.h
configure:3824: gcc -c -g -O2  conftest.c >&5
configure:3831: $? = 0
configure:3848: result: yes
configure:3803: checking for stdlib.h
configure:3824: gcc -c -g -O2  conftest.c >&5
configure:3831: $? = 0
configure:3848: result: yes
configure:3803: checking for string.h
configure:3824: gcc -c -g -O2  conftest.c >&5
configure:3831: $? = 0
configure:3848: result: yes
configure:3803: checking for memory.h
configure:3824: gcc -c -g -O2  conftest.c >&5
configure:3831: $? = 0
configure:3848: result: yes
configure:3803: checking for strings.h
configure:3824: gcc -c -g -O2  conftest.c >&5
configure:3831: $? = 0
configure:3848: result: yes
configure:3803: checking for inttypes.h
configure:3824: gcc -c -g -O2  conftest.c >&5
configure:3831: $? = 0
configure:3848: result: yes
configure:3803: checking for stdint.h
configure:3824: gcc -c -g -O2  conftest.c >&5
configure:3831: $? = 0
configure:3848: result: yes
configure:3803: checking for unistd.h
configure:3824: gcc -c -g -O2  conftest.c >&5
configure:3831: $? = 0
configure:3848: result: yes
configure:3862: checking for inline
configure:3888: gcc -c -g -O2  conftest.c >&5
configure:3895: $? = 0
configure:3913: result: inline
configure:3932: checking for an ANSI C-conforming const
configure:4007: gcc -c -g -O2  conftest.c >&5
configure:4014: $? = 0
configure:4029: result: yes
configure:4039: checking for size_t
configure:4067: gcc -c -g -O2  conftest.c >&5
configure:4074: $? = 0
configure:4101: gcc -c -g -O2  conftest.c >&5
conftest.c: In function 'main':
conftest.c:60: error: expected expression before ')' token
configure:4108: $? = 1
configure: failed program was:
| /* confdefs.h.  */
| #define PACKAGE_NAME "neon"
| #define PACKAGE_TARNAME "neon"
| #define PACKAGE_VERSION "0.28.6"
| #define PACKAGE_STRING "neon 0.28.6"
| #define PACKAGE_BUGREPORT "neon@lists.manyfish.co.uk"
| #define _GNU_SOURCE 1
| #define NEON_IS_LIBRARY 1
| #define NEON_VERSION "0.28.6"
| #define NE_VERSION_MAJOR (0)
| #define NE_VERSION_MINOR (28)
| #define NE_VERSION_PATCH (6)
| #define STDC_HEADERS 1
| #define HAVE_SYS_TYPES_H 1
| #define HAVE_SYS_STAT_H 1
| #define HAVE_STDLIB_H 1
| #define HAVE_STRING_H 1
| #define HAVE_MEMORY_H 1
| #define HAVE_STRINGS_H 1
| #define HAVE_INTTYPES_H 1
| #define HAVE_STDINT_H 1
| #define HAVE_UNISTD_H 1
| /* end confdefs.h.  */
| #include <stdio.h>
| #ifdef HAVE_SYS_TYPES_H
| # include <sys/types.h>
| #endif
| #ifdef HAVE_SYS_STAT_H
| # include <sys/stat.h>
| #endif
| #ifdef STDC_HEADERS
| # include <stdlib.h>
| # include <stddef.h>
| #else
| # ifdef HAVE_STDLIB_H
| #  include <stdlib.h>
| # endif
| #endif
| #ifdef HAVE_STRING_H
| # if !defined STDC_HEADERS && defined HAVE_MEMORY_H
| #  include <memory.h>
| # endif
| # include <string.h>
| #endif
| #ifdef HAVE_STRINGS_H
| # include <strings.h>
| #endif
| #ifdef HAVE_INTTYPES_H
| # include <inttypes.h>
| #endif
| #ifdef HAVE_STDINT_H
| # include <stdint.h>
| #endif
| #ifdef HAVE_UNISTD_H
| # include <unistd.h>
| #endif
| int
| main ()
| {
| if (sizeof ((size_t)))
| 	  return 0;
|   ;
|   return 0;
| }
configure:4131: result: yes
configure:4143: checking for off_t
configure:4171: gcc -c -g -O2  conftest.c >&5
configure:4178: $? = 0
configure:4205: gcc -c -g -O2  conftest.c >&5
conftest.c: In function 'main':
conftest.c:60: error: expected expression before ')' token
configure:4212: $? = 1
configure: failed program was:
| /* confdefs.h.  */
| #define PACKAGE_NAME "neon"
| #define PACKAGE_TARNAME "neon"
| #define PACKAGE_VERSION "0.28.6"
| #define PACKAGE_STRING "neon 0.28.6"
| #define PACKAGE_BUGREPORT "neon@lists.manyfish.co.uk"
| #define _GNU_SOURCE 1
| #define NEON_IS_LIBRARY 1
| #define NEON_VERSION "0.28.6"
| #define NE_VERSION_MAJOR (0)
| #define NE_VERSION_MINOR (28)
| #define NE_VERSION_PATCH (6)
| #define STDC_HEADERS 1
| #define HAVE_SYS_TYPES_H 1
| #define HAVE_SYS_STAT_H 1
| #define HAVE_STDLIB_H 1
| #define HAVE_STRING_H 1
| #define HAVE_MEMORY_H 1
| #define HAVE_STRINGS_H 1
| #define HAVE_INTTYPES_H 1
| #define HAVE_STDINT_H 1
| #define HAVE_UNISTD_H 1
| /* end confdefs.h.  */
| #include <stdio.h>
| #ifdef HAVE_SYS_TYPES_H
| # include <sys/types.h>
| #endif
| #ifdef HAVE_SYS_STAT_H
| # include <sys/stat.h>
| #endif
| #ifdef STDC_HEADERS
| # include <stdlib.h>
| # include <stddef.h>
| #else
| # ifdef HAVE_STDLIB_H
| #  include <stdlib.h>
| # endif
| #endif
| #ifdef HAVE_STRING_H
| # if !defined STDC_HEADERS && defined HAVE_MEMORY_H
| #  include <memory.h>
| # endif
| # include <string.h>
| #endif
| #ifdef HAVE_STRINGS_H
| # include <strings.h>
| #endif
| #ifdef HAVE_INTTYPES_H
| # include <inttypes.h>
| #endif
| #ifdef HAVE_STDINT_H
| # include <stdint.h>
| #endif
| #ifdef HAVE_UNISTD_H
| # include <unistd.h>
| #endif
| int
| main ()
| {
| if (sizeof ((off_t)))
| 	  return 0;
|   ;
|   return 0;
| }
configure:4235: result: yes
configure:4249: checking for uname
configure:4258: result: Linux
configure:4270: checking whether make sets $(MAKE)
configure:4292: result: yes
configure:4306: checking size of int
configure:4611: gcc -o conftest -g -O2   conftest.c  >&5
configure:4615: $? = 0
configure:4621: ./conftest
configure:4625: $? = 0
configure:4651: result: 4
configure:4665: checking size of long
configure:4970: gcc -o conftest -g -O2   conftest.c  >&5
configure:4974: $? = 0
configure:4980: ./conftest
configure:4984: $? = 0
configure:5010: result: 4
configure:5024: checking size of long long
configure:5329: gcc -o conftest -g -O2   conftest.c  >&5
configure:5333: $? = 0
configure:5339: ./conftest
configure:5343: $? = 0
configure:5369: result: 8
configure:5380: checking for gcc -Wformat -Werror sanity
configure:5411: gcc -c -g -O2  -Wformat -Werror conftest.c >&5
configure:5418: $? = 0
configure:5434: result: yes
configure:5457: checking minix/config.h usability
configure:5474: gcc -c -g -O2  conftest.c >&5
conftest.c:60:26: error: minix/config.h: No such file or directory
configure:5481: $? = 1
configure: failed program was:
| /* confdefs.h.  */
| #define PACKAGE_NAME "neon"
| #define PACKAGE_TARNAME "neon"
| #define PACKAGE_VERSION "0.28.6"
| #define PACKAGE_STRING "neon 0.28.6"
| #define PACKAGE_BUGREPORT "neon@lists.manyfish.co.uk"
| #define _GNU_SOURCE 1
| #define NEON_IS_LIBRARY 1
| #define NEON_VERSION "0.28.6"
| #define NE_VERSION_MAJOR (0)
| #define NE_VERSION_MINOR (28)
| #define NE_VERSION_PATCH (6)
| #define STDC_HEADERS 1
| #define HAVE_SYS_TYPES_H 1
| #define HAVE_SYS_STAT_H 1
| #define HAVE_STDLIB_H 1
| #define HAVE_STRING_H 1
| #define HAVE_MEMORY_H 1
| #define HAVE_STRINGS_H 1
| #define HAVE_INTTYPES_H 1
| #define HAVE_STDINT_H 1
| #define HAVE_UNISTD_H 1
| #define SIZEOF_INT 4
| #define SIZEOF_LONG 4
| #define SIZEOF_LONG_LONG 8
| /* end confdefs.h.  */
| #include <stdio.h>
| #ifdef HAVE_SYS_TYPES_H
| # include <sys/types.h>
| #endif
| #ifdef HAVE_SYS_STAT_H
| # include <sys/stat.h>
| #endif
| #ifdef STDC_HEADERS
| # include <stdlib.h>
| # include <stddef.h>
| #else
| # ifdef HAVE_STDLIB_H
| #  include <stdlib.h>
| # endif
| #endif
| #ifdef HAVE_STRING_H
| # if !defined STDC_HEADERS && defined HAVE_MEMORY_H
| #  include <memory.h>
| # endif
| # include <string.h>
| #endif
| #ifdef HAVE_STRINGS_H
| # include <strings.h>
| #endif
| #ifdef HAVE_INTTYPES_H
| # include <inttypes.h>
| #endif
| #ifdef HAVE_STDINT_H
| # include <stdint.h>
| #endif
| #ifdef HAVE_UNISTD_H
| # include <unistd.h>
| #endif
| #include <minix/config.h>
configure:5495: result: no
configure:5499: checking minix/config.h presence
configure:5514: gcc -E  conftest.c
conftest.c:27:26: error: minix/config.h: No such file or directory
configure:5521: $? = 1
configure: failed program was:
| /* confdefs.h.  */
| #define PACKAGE_NAME "neon"
| #define PACKAGE_TARNAME "neon"
| #define PACKAGE_VERSION "0.28.6"
| #define PACKAGE_STRING "neon 0.28.6"
| #define PACKAGE_BUGREPORT "neon@lists.manyfish.co.uk"
| #define _GNU_SOURCE 1
| #define NEON_IS_LIBRARY 1
| #define NEON_VERSION "0.28.6"
| #define NE_VERSION_MAJOR (0)
| #define NE_VERSION_MINOR (28)
| #define NE_VERSION_PATCH (6)
| #define STDC_HEADERS 1
| #define HAVE_SYS_TYPES_H 1
| #define HAVE_SYS_STAT_H 1
| #define HAVE_STDLIB_H 1
| #define HAVE_STRING_H 1
| #define HAVE_MEMORY_H 1
| #define HAVE_STRINGS_H 1
| #define HAVE_INTTYPES_H 1
| #define HAVE_STDINT_H 1
| #define HAVE_UNISTD_H 1
| #define SIZEOF_INT 4
| #define SIZEOF_LONG 4
| #define SIZEOF_LONG_LONG 8
| /* end confdefs.h.  */
| #include <minix/config.h>
configure:5535: result: no
configure:5568: checking for minix/config.h
configure:5575: result: no
configure:5606: checking whether it is safe to define __EXTENSIONS__
configure:5634: gcc -c -g -O2  conftest.c >&5
configure:5641: $? = 0
configure:5656: result: yes
configure:5711: checking errno.h usability
configure:5728: gcc -c -g -O2  conftest.c >&5
configure:5735: $? = 0
configure:5749: result: yes
configure:5753: checking errno.h presence
configure:5768: gcc -E  conftest.c
configure:5775: $? = 0
configure:5789: result: yes
configure:5822: checking for errno.h
configure:5831: result: yes
configure:5711: checking stdarg.h usability
configure:5728: gcc -c -g -O2  conftest.c >&5
configure:5735: $? = 0
configure:5749: result: yes
configure:5753: checking stdarg.h presence
configure:5768: gcc -E  conftest.c
configure:5775: $? = 0
configure:5789: result: yes
configure:5822: checking for stdarg.h
configure:5831: result: yes
configure:5700: checking for string.h
configure:5707: result: yes
configure:5700: checking for stdlib.h
configure:5707: result: yes
configure:5855: checking size of size_t
configure:6172: gcc -o conftest -g -O2   conftest.c  >&5
configure:6176: $? = 0
configure:6182: ./conftest
configure:6186: $? = 0
configure:6212: result: 4
configure:6227: checking how to print size_t
configure:6262: gcc -c -g -O2  -Wformat -Werror conftest.c >&5
configure:6269: $? = 0
configure:6296: result: u
configure:6318: checking size of off_t
configure:6635: gcc -o conftest -g -O2   conftest.c  >&5
configure:6639: $? = 0
configure:6645: ./conftest
configure:6649: $? = 0
configure:6675: result: 4
configure:6690: checking how to print off_t
configure:6725: gcc -c -g -O2  -Wformat -Werror conftest.c >&5
cc1: warnings being treated as errors
conftest.c: In function 'main':
conftest.c:45: error: format '%d' expects type 'int', but argument 2 has type 'off_t'
configure:6732: $? = 1
configure: failed program was:
| /* confdefs.h.  */
| #define PACKAGE_NAME "neon"
| #define PACKAGE_TARNAME "neon"
| #define PACKAGE_VERSION "0.28.6"
| #define PACKAGE_STRING "neon 0.28.6"
| #define PACKAGE_BUGREPORT "neon@lists.manyfish.co.uk"
| #define _GNU_SOURCE 1
| #define NEON_IS_LIBRARY 1
| #define NEON_VERSION "0.28.6"
| #define NE_VERSION_MAJOR (0)
| #define NE_VERSION_MINOR (28)
| #define NE_VERSION_PATCH (6)
| #define STDC_HEADERS 1
| #define HAVE_SYS_TYPES_H 1
| #define HAVE_SYS_STAT_H 1
| #define HAVE_STDLIB_H 1
| #define HAVE_STRING_H 1
| #define HAVE_MEMORY_H 1
| #define HAVE_STRINGS_H 1
| #define HAVE_INTTYPES_H 1
| #define HAVE_STDINT_H 1
| #define HAVE_UNISTD_H 1
| #define SIZEOF_INT 4
| #define SIZEOF_LONG 4
| #define SIZEOF_LONG_LONG 8
| #define __EXTENSIONS__ 1
| #define _ALL_SOURCE 1
| #define _GNU_SOURCE 1
| #define _POSIX_PTHREAD_SEMANTICS 1
| #define _TANDEM_SOURCE 1
| #define HAVE_ERRNO_H 1
| #define HAVE_STDARG_H 1
| #define HAVE_STRING_H 1
| #define HAVE_STDLIB_H 1
| #define SIZEOF_SIZE_T 4
| #define NE_FMT_SIZE_T "u"
| #define SIZEOF_OFF_T 4
| /* end confdefs.h.  */
| #include <sys/types.h>
| 
| #include <stdio.h>
| int
| main ()
| {
| off_t i = 1; printf("%d", i);
|   ;
|   return 0;
| }
configure:6725: gcc -c -g -O2  -Wformat -Werror conftest.c >&5
configure:6732: $? = 0
configure:6759: result: ld
configure:6782: checking size of ssize_t
configure:7099: gcc -o conftest -g -O2   conftest.c  >&5
configure:7103: $? = 0
configure:7109: ./conftest
configure:7113: $? = 0
configure:7139: result: 4
configure:7154: checking how to print ssize_t
configure:7189: gcc -c -g -O2  -Wformat -Werror conftest.c >&5
configure:7196: $? = 0
configure:7223: result: d
configure:7241: checking whether byte ordering is bigendian
configure:7266: gcc -c -g -O2  conftest.c >&5
conftest.c:43: error: expected '=', ',', ';', 'asm' or '__attribute__' before 'a'
configure:7273: $? = 1
configure: failed program was:
| /* confdefs.h.  */
| #define PACKAGE_NAME "neon"
| #define PACKAGE_TARNAME "neon"
| #define PACKAGE_VERSION "0.28.6"
| #define PACKAGE_STRING "neon 0.28.6"
| #define PACKAGE_BUGREPORT "neon@lists.manyfish.co.uk"
| #define _GNU_SOURCE 1
| #define NEON_IS_LIBRARY 1
| #define NEON_VERSION "0.28.6"
| #define NE_VERSION_MAJOR (0)
| #define NE_VERSION_MINOR (28)
| #define NE_VERSION_PATCH (6)
| #define STDC_HEADERS 1
| #define HAVE_SYS_TYPES_H 1
| #define HAVE_SYS_STAT_H 1
| #define HAVE_STDLIB_H 1
| #define HAVE_STRING_H 1
| #define HAVE_MEMORY_H 1
| #define HAVE_STRINGS_H 1
| #define HAVE_INTTYPES_H 1
| #define HAVE_STDINT_H 1
| #define HAVE_UNISTD_H 1
| #define SIZEOF_INT 4
| #define SIZEOF_LONG 4
| #define SIZEOF_LONG_LONG 8
| #define __EXTENSIONS__ 1
| #define _ALL_SOURCE 1
| #define _GNU_SOURCE 1
| #define _POSIX_PTHREAD_SEMANTICS 1
| #define _TANDEM_SOURCE 1
| #define HAVE_ERRNO_H 1
| #define HAVE_STDARG_H 1
| #define HAVE_STRING_H 1
| #define HAVE_STDLIB_H 1
| #define SIZEOF_SIZE_T 4
| #define NE_FMT_SIZE_T "u"
| #define SIZEOF_OFF_T 4
| #define NE_FMT_OFF_T "ld"
| #define SIZEOF_SSIZE_T 4
| #define NE_FMT_SSIZE_T "d"
| /* end confdefs.h.  */
| #ifndef __APPLE_CC__
| 	       not a universal capable compiler
| 	     #endif
| 	     typedef int dummy;
| 
configure:7323: gcc -c -g -O2  conftest.c >&5
configure:7330: $? = 0
configure:7362: gcc -c -g -O2  conftest.c >&5
conftest.c: In function 'main':
conftest.c:49: error: 'not' undeclared (first use in this function)
conftest.c:49: error: (Each undeclared identifier is reported only once
conftest.c:49: error: for each function it appears in.)
conftest.c:49: error: expected ';' before 'big'
configure:7369: $? = 1
configure: failed program was:
| /* confdefs.h.  */
| #define PACKAGE_NAME "neon"
| #define PACKAGE_TARNAME "neon"
| #define PACKAGE_VERSION "0.28.6"
| #define PACKAGE_STRING "neon 0.28.6"
| #define PACKAGE_BUGREPORT "neon@lists.manyfish.co.uk"
| #define _GNU_SOURCE 1
| #define NEON_IS_LIBRARY 1
| #define NEON_VERSION "0.28.6"
| #define NE_VERSION_MAJOR (0)
| #define NE_VERSION_MINOR (28)
| #define NE_VERSION_PATCH (6)
| #define STDC_HEADERS 1
| #define HAVE_SYS_TYPES_H 1
| #define HAVE_SYS_STAT_H 1
| #define HAVE_STDLIB_H 1
| #define HAVE_STRING_H 1
| #define HAVE_MEMORY_H 1
| #define HAVE_STRINGS_H 1
| #define HAVE_INTTYPES_H 1
| #define HAVE_STDINT_H 1
| #define HAVE_UNISTD_H 1
| #define SIZEOF_INT 4
| #define SIZEOF_LONG 4
| #define SIZEOF_LONG_LONG 8
| #define __EXTENSIONS__ 1
| #define _ALL_SOURCE 1
| #define _GNU_SOURCE 1
| #define _POSIX_PTHREAD_SEMANTICS 1
| #define _TANDEM_SOURCE 1
| #define HAVE_ERRNO_H 1
| #define HAVE_STDARG_H 1
| #define HAVE_STRING_H 1
| #define HAVE_STDLIB_H 1
| #define SIZEOF_SIZE_T 4
| #define NE_FMT_SIZE_T "u"
| #define SIZEOF_OFF_T 4
| #define NE_FMT_OFF_T "ld"
| #define SIZEOF_SSIZE_T 4
| #define NE_FMT_SSIZE_T "d"
| /* end confdefs.h.  */
| #include <sys/types.h>
| 		#include <sys/param.h>
| 
| int
| main ()
| {
| #if BYTE_ORDER != BIG_ENDIAN
| 		 not big endian
| 		#endif
| 
|   ;
|   return 0;
| }
configure:7621: result: no
configure:7646: checking whether strerror_r is declared
configure:7675: gcc -c -g -O2  conftest.c >&5
configure:7682: $? = 0
configure:7697: result: yes
configure:7719: checking for strerror_r
configure:7775: gcc -o conftest -g -O2   conftest.c  >&5
configure:7782: $? = 0
configure:7804: result: yes
configure:7816: checking whether strerror_r returns char *
configure:7850: gcc -c -g -O2  conftest.c >&5
configure:7857: $? = 0
configure:7936: result: yes
configure:7952: checking for snprintf
configure:8008: gcc -o conftest -g -O2   conftest.c  >&5
conftest.c:68: warning: conflicting types for built-in function 'snprintf'
configure:8015: $? = 0
configure:8037: result: yes
configure:7952: checking for vsnprintf
configure:8008: gcc -o conftest -g -O2   conftest.c  >&5
conftest.c:69: warning: conflicting types for built-in function 'vsnprintf'
configure:8015: $? = 0
configure:8037: result: yes
configure:8319: checking for sys/time.h
configure:8344: gcc -c -g -O2  conftest.c >&5
configure:8351: $? = 0
configure:8368: result: yes
configure:8319: checking for limits.h
configure:8344: gcc -c -g -O2  conftest.c >&5
configure:8351: $? = 0
configure:8368: result: yes
configure:8319: checking for sys/select.h
configure:8344: gcc -c -g -O2  conftest.c >&5
configure:8351: $? = 0
configure:8368: result: yes
configure:8319: checking for arpa/inet.h
configure:8344: gcc -c -g -O2  conftest.c >&5
configure:8351: $? = 0
configure:8368: result: yes
configure:8319: checking for libintl.h
configure:8344: gcc -c -g -O2  conftest.c >&5
configure:8351: $? = 0
configure:8368: result: yes
configure:8319: checking for signal.h
configure:8344: gcc -c -g -O2  conftest.c >&5
configure:8351: $? = 0
configure:8368: result: yes
configure:8319: checking for sys/socket.h
configure:8344: gcc -c -g -O2  conftest.c >&5
configure:8351: $? = 0
configure:8368: result: yes
configure:8319: checking for netinet/in.h
configure:8344: gcc -c -g -O2  conftest.c >&5
configure:8351: $? = 0
configure:8368: result: yes
configure:8319: checking for netinet/tcp.h
configure:8344: gcc -c -g -O2  conftest.c >&5
configure:8351: $? = 0
configure:8368: result: yes
configure:8319: checking for netdb.h
configure:8344: gcc -c -g -O2  conftest.c >&5
configure:8351: $? = 0
configure:8368: result: yes
configure:8319: checking for sys/poll.h
configure:8344: gcc -c -g -O2  conftest.c >&5
configure:8351: $? = 0
configure:8368: result: yes
configure:8319: checking for sys/limits.h
configure:8344: gcc -c -g -O2  conftest.c >&5
conftest.c:96:24: error: sys/limits.h: No such file or directory
configure:8351: $? = 1
configure: failed program was:
| /* confdefs.h.  */
| #define PACKAGE_NAME "neon"
| #define PACKAGE_TARNAME "neon"
| #define PACKAGE_VERSION "0.28.6"
| #define PACKAGE_STRING "neon 0.28.6"
| #define PACKAGE_BUGREPORT "neon@lists.manyfish.co.uk"
| #define _GNU_SOURCE 1
| #define NEON_IS_LIBRARY 1
| #define NEON_VERSION "0.28.6"
| #define NE_VERSION_MAJOR (0)
| #define NE_VERSION_MINOR (28)
| #define NE_VERSION_PATCH (6)
| #define STDC_HEADERS 1
| #define HAVE_SYS_TYPES_H 1
| #define HAVE_SYS_STAT_H 1
| #define HAVE_STDLIB_H 1
| #define HAVE_STRING_H 1
| #define HAVE_MEMORY_H 1
| #define HAVE_STRINGS_H 1
| #define HAVE_INTTYPES_H 1
| #define HAVE_STDINT_H 1
| #define HAVE_UNISTD_H 1
| #define SIZEOF_INT 4
| #define SIZEOF_LONG 4
| #define SIZEOF_LONG_LONG 8
| #define __EXTENSIONS__ 1
| #define _ALL_SOURCE 1
| #define _GNU_SOURCE 1
| #define _POSIX_PTHREAD_SEMANTICS 1
| #define _TANDEM_SOURCE 1
| #define HAVE_ERRNO_H 1
| #define HAVE_STDARG_H 1
| #define HAVE_STRING_H 1
| #define HAVE_STDLIB_H 1
| #define SIZEOF_SIZE_T 4
| #define NE_FMT_SIZE_T "u"
| #define SIZEOF_OFF_T 4
| #define NE_FMT_OFF_T "ld"
| #define SIZEOF_SSIZE_T 4
| #define NE_FMT_SSIZE_T "d"
| #define HAVE_DECL_STRERROR_R 1
| #define HAVE_STRERROR_R 1
| #define STRERROR_R_CHAR_P 1
| #define HAVE_SNPRINTF 1
| #define HAVE_VSNPRINTF 1
| #define HAVE_SYS_TIME_H 1
| #define HAVE_LIMITS_H 1
| #define HAVE_SYS_SELECT_H 1
| #define HAVE_ARPA_INET_H 1
| #define HAVE_LIBINTL_H 1
| #define HAVE_SIGNAL_H 1
| #define HAVE_SYS_SOCKET_H 1
| #define HAVE_NETINET_IN_H 1
| #define HAVE_NETINET_TCP_H 1
| #define HAVE_NETDB_H 1
| #define HAVE_SYS_POLL_H 1
| /* end confdefs.h.  */
| #include <stdio.h>
| #ifdef HAVE_SYS_TYPES_H
| # include <sys/types.h>
| #endif
| #ifdef HAVE_SYS_STAT_H
| # include <sys/stat.h>
| #endif
| #ifdef STDC_HEADERS
| # include <stdlib.h>
| # include <stddef.h>
| #else
| # ifdef HAVE_STDLIB_H
| #  include <stdlib.h>
| # endif
| #endif
| #ifdef HAVE_STRING_H
| # if !defined STDC_HEADERS && defined HAVE_MEMORY_H
| #  include <memory.h>
| # endif
| # include <string.h>
| #endif
| #ifdef HAVE_STRINGS_H
| # include <strings.h>
| #endif
| #ifdef HAVE_INTTYPES_H
| # include <inttypes.h>
| #endif
| #ifdef HAVE_STDINT_H
| # include <stdint.h>
| #endif
| #ifdef HAVE_UNISTD_H
| # include <unistd.h>
| #endif
| /* netinet/tcp.h requires netinet/in.h on some platforms. */
| #ifdef HAVE_NETINET_IN_H
| #include <netinet/in.h>
| #endif
| 
| #include <sys/limits.h>
configure:8368: result: no
configure:8319: checking for fcntl.h
configure:8344: gcc -c -g -O2  conftest.c >&5
configure:8351: $? = 0
configure:8368: result: yes
configure:8319: checking for iconv.h
configure:8344: gcc -c -g -O2  conftest.c >&5
configure:8351: $? = 0
configure:8368: result: yes
configure:8384: checking for timezone global
configure:8412: gcc -o conftest -g -O2   conftest.c  >&5
configure:8419: $? = 0
configure:8439: result: yes
configure:8590: checking for off64_t
configure:8618: gcc -c -g -O2  -D_LARGEFILE64_SOURCE conftest.c >&5
configure:8625: $? = 0
configure:8652: gcc -c -g -O2  -D_LARGEFILE64_SOURCE conftest.c >&5
conftest.c: In function 'main':
conftest.c:97: error: expected expression before ')' token
configure:8659: $? = 1
configure: failed program was:
| /* confdefs.h.  */
| #define PACKAGE_NAME "neon"
| #define PACKAGE_TARNAME "neon"
| #define PACKAGE_VERSION "0.28.6"
| #define PACKAGE_STRING "neon 0.28.6"
| #define PACKAGE_BUGREPORT "neon@lists.manyfish.co.uk"
| #define _GNU_SOURCE 1
| #define NEON_IS_LIBRARY 1
| #define NEON_VERSION "0.28.6"
| #define NE_VERSION_MAJOR (0)
| #define NE_VERSION_MINOR (28)
| #define NE_VERSION_PATCH (6)
| #define STDC_HEADERS 1
| #define HAVE_SYS_TYPES_H 1
| #define HAVE_SYS_STAT_H 1
| #define HAVE_STDLIB_H 1
| #define HAVE_STRING_H 1
| #define HAVE_MEMORY_H 1
| #define HAVE_STRINGS_H 1
| #define HAVE_INTTYPES_H 1
| #define HAVE_STDINT_H 1
| #define HAVE_UNISTD_H 1
| #define SIZEOF_INT 4
| #define SIZEOF_LONG 4
| #define SIZEOF_LONG_LONG 8
| #define __EXTENSIONS__ 1
| #define _ALL_SOURCE 1
| #define _GNU_SOURCE 1
| #define _POSIX_PTHREAD_SEMANTICS 1
| #define _TANDEM_SOURCE 1
| #define HAVE_ERRNO_H 1
| #define HAVE_STDARG_H 1
| #define HAVE_STRING_H 1
| #define HAVE_STDLIB_H 1
| #define SIZEOF_SIZE_T 4
| #define NE_FMT_SIZE_T "u"
| #define SIZEOF_OFF_T 4
| #define NE_FMT_OFF_T "ld"
| #define SIZEOF_SSIZE_T 4
| #define NE_FMT_SSIZE_T "d"
| #define HAVE_DECL_STRERROR_R 1
| #define HAVE_STRERROR_R 1
| #define STRERROR_R_CHAR_P 1
| #define HAVE_SNPRINTF 1
| #define HAVE_VSNPRINTF 1
| #define HAVE_SYS_TIME_H 1
| #define HAVE_LIMITS_H 1
| #define HAVE_SYS_SELECT_H 1
| #define HAVE_ARPA_INET_H 1
| #define HAVE_LIBINTL_H 1
| #define HAVE_SIGNAL_H 1
| #define HAVE_SYS_SOCKET_H 1
| #define HAVE_NETINET_IN_H 1
| #define HAVE_NETINET_TCP_H 1
| #define HAVE_NETDB_H 1
| #define HAVE_SYS_POLL_H 1
| #define HAVE_FCNTL_H 1
| #define HAVE_ICONV_H 1
| #define HAVE_TIMEZONE 1
| /* end confdefs.h.  */
| #include <stdio.h>
| #ifdef HAVE_SYS_TYPES_H
| # include <sys/types.h>
| #endif
| #ifdef HAVE_SYS_STAT_H
| # include <sys/stat.h>
| #endif
| #ifdef STDC_HEADERS
| # include <stdlib.h>
| # include <stddef.h>
| #else
| # ifdef HAVE_STDLIB_H
| #  include <stdlib.h>
| # endif
| #endif
| #ifdef HAVE_STRING_H
| # if !defined STDC_HEADERS && defined HAVE_MEMORY_H
| #  include <memory.h>
| # endif
| # include <string.h>
| #endif
| #ifdef HAVE_STRINGS_H
| # include <strings.h>
| #endif
| #ifdef HAVE_INTTYPES_H
| # include <inttypes.h>
| #endif
| #ifdef HAVE_STDINT_H
| # include <stdint.h>
| #endif
| #ifdef HAVE_UNISTD_H
| # include <unistd.h>
| #endif
| int
| main ()
| {
| if (sizeof ((off64_t)))
| 	  return 0;
|   ;
|   return 0;
| }
configure:8682: result: yes
configure:8694: checking size of off64_t
configure:9011: gcc -o conftest -g -O2  -D_LARGEFILE64_SOURCE  conftest.c  >&5
configure:9015: $? = 0
configure:9021: ./conftest
configure:9025: $? = 0
configure:9051: result: 8
configure:9066: checking how to print off64_t
configure:9101: gcc -c -g -O2  -D_LARGEFILE64_SOURCE -Wformat -Werror conftest.c >&5
cc1: warnings being treated as errors
conftest.c: In function 'main':
conftest.c:68: error: format '%d' expects type 'int', but argument 2 has type 'off64_t'
configure:9108: $? = 1
configure: failed program was:
| /* confdefs.h.  */
| #define PACKAGE_NAME "neon"
| #define PACKAGE_TARNAME "neon"
| #define PACKAGE_VERSION "0.28.6"
| #define PACKAGE_STRING "neon 0.28.6"
| #define PACKAGE_BUGREPORT "neon@lists.manyfish.co.uk"
| #define _GNU_SOURCE 1
| #define NEON_IS_LIBRARY 1
| #define NEON_VERSION "0.28.6"
| #define NE_VERSION_MAJOR (0)
| #define NE_VERSION_MINOR (28)
| #define NE_VERSION_PATCH (6)
| #define STDC_HEADERS 1
| #define HAVE_SYS_TYPES_H 1
| #define HAVE_SYS_STAT_H 1
| #define HAVE_STDLIB_H 1
| #define HAVE_STRING_H 1
| #define HAVE_MEMORY_H 1
| #define HAVE_STRINGS_H 1
| #define HAVE_INTTYPES_H 1
| #define HAVE_STDINT_H 1
| #define HAVE_UNISTD_H 1
| #define SIZEOF_INT 4
| #define SIZEOF_LONG 4
| #define SIZEOF_LONG_LONG 8
| #define __EXTENSIONS__ 1
| #define _ALL_SOURCE 1
| #define _GNU_SOURCE 1
| #define _POSIX_PTHREAD_SEMANTICS 1
| #define _TANDEM_SOURCE 1
| #define HAVE_ERRNO_H 1
| #define HAVE_STDARG_H 1
| #define HAVE_STRING_H 1
| #define HAVE_STDLIB_H 1
| #define SIZEOF_SIZE_T 4
| #define NE_FMT_SIZE_T "u"
| #define SIZEOF_OFF_T 4
| #define NE_FMT_OFF_T "ld"
| #define SIZEOF_SSIZE_T 4
| #define NE_FMT_SSIZE_T "d"
| #define HAVE_DECL_STRERROR_R 1
| #define HAVE_STRERROR_R 1
| #define STRERROR_R_CHAR_P 1
| #define HAVE_SNPRINTF 1
| #define HAVE_VSNPRINTF 1
| #define HAVE_SYS_TIME_H 1
| #define HAVE_LIMITS_H 1
| #define HAVE_SYS_SELECT_H 1
| #define HAVE_ARPA_INET_H 1
| #define HAVE_LIBINTL_H 1
| #define HAVE_SIGNAL_H 1
| #define HAVE_SYS_SOCKET_H 1
| #define HAVE_NETINET_IN_H 1
| #define HAVE_NETINET_TCP_H 1
| #define HAVE_NETDB_H 1
| #define HAVE_SYS_POLL_H 1
| #define HAVE_FCNTL_H 1
| #define HAVE_ICONV_H 1
| #define HAVE_TIMEZONE 1
| #define SIZEOF_OFF64_T 8
| /* end confdefs.h.  */
| #include <sys/types.h>
| 
| #include <stdio.h>
| int
| main ()
| {
| off64_t i = 1; printf("%d", i);
|   ;
|   return 0;
| }
configure:9101: gcc -c -g -O2  -D_LARGEFILE64_SOURCE -Wformat -Werror conftest.c >&5
cc1: warnings being treated as errors
conftest.c: In function 'main':
conftest.c:68: error: format '%ld' expects type 'long int', but argument 2 has type 'off64_t'
configure:9108: $? = 1
configure: failed program was:
| /* confdefs.h.  */
| #define PACKAGE_NAME "neon"
| #define PACKAGE_TARNAME "neon"
| #define PACKAGE_VERSION "0.28.6"
| #define PACKAGE_STRING "neon 0.28.6"
| #define PACKAGE_BUGREPORT "neon@lists.manyfish.co.uk"
| #define _GNU_SOURCE 1
| #define NEON_IS_LIBRARY 1
| #define NEON_VERSION "0.28.6"
| #define NE_VERSION_MAJOR (0)
| #define NE_VERSION_MINOR (28)
| #define NE_VERSION_PATCH (6)
| #define STDC_HEADERS 1
| #define HAVE_SYS_TYPES_H 1
| #define HAVE_SYS_STAT_H 1
| #define HAVE_STDLIB_H 1
| #define HAVE_STRING_H 1
| #define HAVE_MEMORY_H 1
| #define HAVE_STRINGS_H 1
| #define HAVE_INTTYPES_H 1
| #define HAVE_STDINT_H 1
| #define HAVE_UNISTD_H 1
| #define SIZEOF_INT 4
| #define SIZEOF_LONG 4
| #define SIZEOF_LONG_LONG 8
| #define __EXTENSIONS__ 1
| #define _ALL_SOURCE 1
| #define _GNU_SOURCE 1
| #define _POSIX_PTHREAD_SEMANTICS 1
| #define _TANDEM_SOURCE 1
| #define HAVE_ERRNO_H 1
| #define HAVE_STDARG_H 1
| #define HAVE_STRING_H 1
| #define HAVE_STDLIB_H 1
| #define SIZEOF_SIZE_T 4
| #define NE_FMT_SIZE_T "u"
| #define SIZEOF_OFF_T 4
| #define NE_FMT_OFF_T "ld"
| #define SIZEOF_SSIZE_T 4
| #define NE_FMT_SSIZE_T "d"
| #define HAVE_DECL_STRERROR_R 1
| #define HAVE_STRERROR_R 1
| #define STRERROR_R_CHAR_P 1
| #define HAVE_SNPRINTF 1
| #define HAVE_VSNPRINTF 1
| #define HAVE_SYS_TIME_H 1
| #define HAVE_LIMITS_H 1
| #define HAVE_SYS_SELECT_H 1
| #define HAVE_ARPA_INET_H 1
| #define HAVE_LIBINTL_H 1
| #define HAVE_SIGNAL_H 1
| #define HAVE_SYS_SOCKET_H 1
| #define HAVE_NETINET_IN_H 1
| #define HAVE_NETINET_TCP_H 1
| #define HAVE_NETDB_H 1
| #define HAVE_SYS_POLL_H 1
| #define HAVE_FCNTL_H 1
| #define HAVE_ICONV_H 1
| #define HAVE_TIMEZONE 1
| #define SIZEOF_OFF64_T 8
| /* end confdefs.h.  */
| #include <sys/types.h>
| 
| #include <stdio.h>
| int
| main ()
| {
| off64_t i = 1; printf("%ld", i);
|   ;
|   return 0;
| }
configure:9101: gcc -c -g -O2  -D_LARGEFILE64_SOURCE -Wformat -Werror conftest.c >&5
configure:9108: $? = 0
configure:9135: result: lld
configure:9156: checking for strtoll
configure:9212: gcc -o conftest -g -O2  -D_LARGEFILE64_SOURCE  conftest.c  >&5
configure:9219: $? = 0
configure:9241: result: yes
configure:9258: checking for lseek64
configure:9314: gcc -o conftest -g -O2  -D_LARGEFILE64_SOURCE  conftest.c  >&5
configure:9321: $? = 0
configure:9343: result: yes
configure:9258: checking for fstat64
configure:9314: gcc -o conftest -g -O2  -D_LARGEFILE64_SOURCE  conftest.c  >&5
configure:9321: $? = 0
configure:9343: result: yes
configure:9367: LFS (large file) support enabled
configure:9414: checking for strcasecmp
configure:9470: gcc -o conftest -g -O2  -D_LARGEFILE64_SOURCE -DNE_LFS  conftest.c  >&5
conftest.c:91: warning: conflicting types for built-in function 'strcasecmp'
configure:9477: $? = 0
configure:9499: result: yes
configure:9530: checking for signal
configure:9586: gcc -o conftest -g -O2  -D_LARGEFILE64_SOURCE -DNE_LFS  conftest.c  >&5
configure:9593: $? = 0
configure:9615: result: yes
configure:9530: checking for setvbuf
configure:9586: gcc -o conftest -g -O2  -D_LARGEFILE64_SOURCE -DNE_LFS  conftest.c  >&5
configure:9593: $? = 0
configure:9615: result: yes
configure:9530: checking for setsockopt
configure:9586: gcc -o conftest -g -O2  -D_LARGEFILE64_SOURCE -DNE_LFS  conftest.c  >&5
configure:9593: $? = 0
configure:9615: result: yes
configure:9530: checking for stpcpy
configure:9586: gcc -o conftest -g -O2  -D_LARGEFILE64_SOURCE -DNE_LFS  conftest.c  >&5
conftest.c:95: warning: conflicting types for built-in function 'stpcpy'
configure:9593: $? = 0
configure:9615: result: yes
configure:9530: checking for poll
configure:9586: gcc -o conftest -g -O2  -D_LARGEFILE64_SOURCE -DNE_LFS  conftest.c  >&5
configure:9593: $? = 0
configure:9615: result: yes
configure:9530: checking for fcntl
configure:9586: gcc -o conftest -g -O2  -D_LARGEFILE64_SOURCE -DNE_LFS  conftest.c  >&5
configure:9593: $? = 0
configure:9615: result: yes
configure:9530: checking for getsockopt
configure:9586: gcc -o conftest -g -O2  -D_LARGEFILE64_SOURCE -DNE_LFS  conftest.c  >&5
configure:9593: $? = 0
configure:9615: result: yes
configure:9637: checking whether stpcpy is declared
configure:9666: gcc -c -g -O2  -D_LARGEFILE64_SOURCE -DNE_LFS conftest.c >&5
configure:9673: $? = 0
configure:9688: result: yes
configure:9719: checking for library containing socket
configure:9746: gcc -o conftest -g -O2  -D_LARGEFILE64_SOURCE -DNE_LFS  conftest.c  >&5
configure:9753: $? = 0
configure:9833: result: none needed
configure:9853: checking for library containing getaddrinfo
configure:9880: gcc -o conftest -g -O2  -D_LARGEFILE64_SOURCE -DNE_LFS  conftest.c  >&5
configure:9887: $? = 0
configure:9967: result: none needed
configure:9990: checking for gai_strerror
configure:10046: gcc -o conftest -g -O2  -D_LARGEFILE64_SOURCE -DNE_LFS  conftest.c   >&5
configure:10053: $? = 0
configure:10075: result: yes
configure:9990: checking for getnameinfo
configure:10046: gcc -o conftest -g -O2  -D_LARGEFILE64_SOURCE -DNE_LFS  conftest.c   >&5
configure:10053: $? = 0
configure:10075: result: yes
configure:9990: checking for inet_ntop
configure:10046: gcc -o conftest -g -O2  -D_LARGEFILE64_SOURCE -DNE_LFS  conftest.c   >&5
configure:10053: $? = 0
configure:10075: result: yes
configure:10225: IPv6 support is enabled
configure:10233: checking for working AI_ADDRCONFIG
configure:10265: gcc -o conftest -g -O2  -D_LARGEFILE64_SOURCE -DNE_LFS  conftest.c  >&5
conftest.c: In function 'main':
conftest.c:89: error: 'NULL' undeclared (first use in this function)
conftest.c:89: error: (Each undeclared identifier is reported only once
conftest.c:89: error: for each function it appears in.)
configure:10269: $? = 1
configure: program exited with status 1
configure: failed program was:
| /* confdefs.h.  */
| #define PACKAGE_NAME "neon"
| #define PACKAGE_TARNAME "neon"
| #define PACKAGE_VERSION "0.28.6"
| #define PACKAGE_STRING "neon 0.28.6"
| #define PACKAGE_BUGREPORT "neon@lists.manyfish.co.uk"
| #define _GNU_SOURCE 1
| #define NEON_IS_LIBRARY 1
| #define NEON_VERSION "0.28.6"
| #define NE_VERSION_MAJOR (0)
| #define NE_VERSION_MINOR (28)
| #define NE_VERSION_PATCH (6)
| #define STDC_HEADERS 1
| #define HAVE_SYS_TYPES_H 1
| #define HAVE_SYS_STAT_H 1
| #define HAVE_STDLIB_H 1
| #define HAVE_STRING_H 1
| #define HAVE_MEMORY_H 1
| #define HAVE_STRINGS_H 1
| #define HAVE_INTTYPES_H 1
| #define HAVE_STDINT_H 1
| #define HAVE_UNISTD_H 1
| #define SIZEOF_INT 4
| #define SIZEOF_LONG 4
| #define SIZEOF_LONG_LONG 8
| #define __EXTENSIONS__ 1
| #define _ALL_SOURCE 1
| #define _GNU_SOURCE 1
| #define _POSIX_PTHREAD_SEMANTICS 1
| #define _TANDEM_SOURCE 1
| #define HAVE_ERRNO_H 1
| #define HAVE_STDARG_H 1
| #define HAVE_STRING_H 1
| #define HAVE_STDLIB_H 1
| #define SIZEOF_SIZE_T 4
| #define NE_FMT_SIZE_T "u"
| #define SIZEOF_OFF_T 4
| #define NE_FMT_OFF_T "ld"
| #define SIZEOF_SSIZE_T 4
| #define NE_FMT_SSIZE_T "d"
| #define HAVE_DECL_STRERROR_R 1
| #define HAVE_STRERROR_R 1
| #define STRERROR_R_CHAR_P 1
| #define HAVE_SNPRINTF 1
| #define HAVE_VSNPRINTF 1
| #define HAVE_SYS_TIME_H 1
| #define HAVE_LIMITS_H 1
| #define HAVE_SYS_SELECT_H 1
| #define HAVE_ARPA_INET_H 1
| #define HAVE_LIBINTL_H 1
| #define HAVE_SIGNAL_H 1
| #define HAVE_SYS_SOCKET_H 1
| #define HAVE_NETINET_IN_H 1
| #define HAVE_NETINET_TCP_H 1
| #define HAVE_NETDB_H 1
| #define HAVE_SYS_POLL_H 1
| #define HAVE_FCNTL_H 1
| #define HAVE_ICONV_H 1
| #define HAVE_TIMEZONE 1
| #define SIZEOF_OFF64_T 8
| #define NE_FMT_OFF64_T "lld"
| #define HAVE_STRTOLL 1
| #define HAVE_LSEEK64 1
| #define HAVE_FSTAT64 1
| #define NE_HAVE_LFS 1
| #define NE_FMT_NE_OFF_T NE_FMT_OFF64_T
| #define HAVE_STRCASECMP 1
| #define HAVE_SIGNAL 1
| #define HAVE_SETVBUF 1
| #define HAVE_SETSOCKOPT 1
| #define HAVE_STPCPY 1
| #define HAVE_POLL 1
| #define HAVE_FCNTL 1
| #define HAVE_GETSOCKOPT 1
| #define NE_USE_POLL 1
| #define HAVE_DECL_STPCPY 1
| #define HAVE_GAI_STRERROR 1
| #define HAVE_GETNAMEINFO 1
| #define HAVE_INET_NTOP 1
| #define NE_HAVE_IPV6 1
| #define USE_GETADDRINFO 1
| /* end confdefs.h.  */
| #include <netdb.h>
| int
| main ()
| {
| struct addrinfo hints = {0}, *result;
| hints.ai_flags = AI_ADDRCONFIG;
| if (getaddrinfo("localhost", NULL, &hints, &result) != 0) return 1;
|   ;
|   return 0;
| }
configure:10296: result: no
configure:10869: checking for socklen_t
configure:10905: gcc -c -g -O2  -D_LARGEFILE64_SOURCE -DNE_LFS conftest.c >&5
configure:10912: $? = 0
configure:10947: gcc -c -g -O2  -D_LARGEFILE64_SOURCE -DNE_LFS conftest.c >&5
conftest.c: In function 'main':
conftest.c:95: error: expected expression before ')' token
configure:10954: $? = 1
configure: failed program was:
| /* confdefs.h.  */
| #define PACKAGE_NAME "neon"
| #define PACKAGE_TARNAME "neon"
| #define PACKAGE_VERSION "0.28.6"
| #define PACKAGE_STRING "neon 0.28.6"
| #define PACKAGE_BUGREPORT "neon@lists.manyfish.co.uk"
| #define _GNU_SOURCE 1
| #define NEON_IS_LIBRARY 1
| #define NEON_VERSION "0.28.6"
| #define NE_VERSION_MAJOR (0)
| #define NE_VERSION_MINOR (28)
| #define NE_VERSION_PATCH (6)
| #define STDC_HEADERS 1
| #define HAVE_SYS_TYPES_H 1
| #define HAVE_SYS_STAT_H 1
| #define HAVE_STDLIB_H 1
| #define HAVE_STRING_H 1
| #define HAVE_MEMORY_H 1
| #define HAVE_STRINGS_H 1
| #define HAVE_INTTYPES_H 1
| #define HAVE_STDINT_H 1
| #define HAVE_UNISTD_H 1
| #define SIZEOF_INT 4
| #define SIZEOF_LONG 4
| #define SIZEOF_LONG_LONG 8
| #define __EXTENSIONS__ 1
| #define _ALL_SOURCE 1
| #define _GNU_SOURCE 1
| #define _POSIX_PTHREAD_SEMANTICS 1
| #define _TANDEM_SOURCE 1
| #define HAVE_ERRNO_H 1
| #define HAVE_STDARG_H 1
| #define HAVE_STRING_H 1
| #define HAVE_STDLIB_H 1
| #define SIZEOF_SIZE_T 4
| #define NE_FMT_SIZE_T "u"
| #define SIZEOF_OFF_T 4
| #define NE_FMT_OFF_T "ld"
| #define SIZEOF_SSIZE_T 4
| #define NE_FMT_SSIZE_T "d"
| #define HAVE_DECL_STRERROR_R 1
| #define HAVE_STRERROR_R 1
| #define STRERROR_R_CHAR_P 1
| #define HAVE_SNPRINTF 1
| #define HAVE_VSNPRINTF 1
| #define HAVE_SYS_TIME_H 1
| #define HAVE_LIMITS_H 1
| #define HAVE_SYS_SELECT_H 1
| #define HAVE_ARPA_INET_H 1
| #define HAVE_LIBINTL_H 1
| #define HAVE_SIGNAL_H 1
| #define HAVE_SYS_SOCKET_H 1
| #define HAVE_NETINET_IN_H 1
| #define HAVE_NETINET_TCP_H 1
| #define HAVE_NETDB_H 1
| #define HAVE_SYS_POLL_H 1
| #define HAVE_FCNTL_H 1
| #define HAVE_ICONV_H 1
| #define HAVE_TIMEZONE 1
| #define SIZEOF_OFF64_T 8
| #define NE_FMT_OFF64_T "lld"
| #define HAVE_STRTOLL 1
| #define HAVE_LSEEK64 1
| #define HAVE_FSTAT64 1
| #define NE_HAVE_LFS 1
| #define NE_FMT_NE_OFF_T NE_FMT_OFF64_T
| #define HAVE_STRCASECMP 1
| #define HAVE_SIGNAL 1
| #define HAVE_SETVBUF 1
| #define HAVE_SETSOCKOPT 1
| #define HAVE_STPCPY 1
| #define HAVE_POLL 1
| #define HAVE_FCNTL 1
| #define HAVE_GETSOCKOPT 1
| #define NE_USE_POLL 1
| #define HAVE_DECL_STPCPY 1
| #define HAVE_GAI_STRERROR 1
| #define HAVE_GETNAMEINFO 1
| #define HAVE_INET_NTOP 1
| #define NE_HAVE_IPV6 1
| #define USE_GETADDRINFO 1
| /* end confdefs.h.  */
| 
| #ifdef HAVE_SYS_TYPES_H
| # include <sys/types.h>
| #endif
| #ifdef HAVE_SYS_SOCKET_H
| # include <sys/socket.h>
| #endif
| 
| 
| int
| main ()
| {
| if (sizeof ((socklen_t)))
| 	  return 0;
|   ;
|   return 0;
| }
configure:10977: result: yes
configure:10996: checking for struct tm.tm_gmtoff
configure:11025: gcc -c -g -O2  -D_LARGEFILE64_SOURCE -DNE_LFS conftest.c >&5
configure:11032: $? = 0
configure:11091: result: yes
configure:11101: checking for struct tm.__tm_gmtoff
configure:11130: gcc -c -g -O2  -D_LARGEFILE64_SOURCE -DNE_LFS conftest.c >&5
conftest.c: In function 'main':
conftest.c:91: error: 'struct tm' has no member named '__tm_gmtoff'
configure:11137: $? = 1
configure: failed program was:
| /* confdefs.h.  */
| #define PACKAGE_NAME "neon"
| #define PACKAGE_TARNAME "neon"
| #define PACKAGE_VERSION "0.28.6"
| #define PACKAGE_STRING "neon 0.28.6"
| #define PACKAGE_BUGREPORT "neon@lists.manyfish.co.uk"
| #define _GNU_SOURCE 1
| #define NEON_IS_LIBRARY 1
| #define NEON_VERSION "0.28.6"
| #define NE_VERSION_MAJOR (0)
| #define NE_VERSION_MINOR (28)
| #define NE_VERSION_PATCH (6)
| #define STDC_HEADERS 1
| #define HAVE_SYS_TYPES_H 1
| #define HAVE_SYS_STAT_H 1
| #define HAVE_STDLIB_H 1
| #define HAVE_STRING_H 1
| #define HAVE_MEMORY_H 1
| #define HAVE_STRINGS_H 1
| #define HAVE_INTTYPES_H 1
| #define HAVE_STDINT_H 1
| #define HAVE_UNISTD_H 1
| #define SIZEOF_INT 4
| #define SIZEOF_LONG 4
| #define SIZEOF_LONG_LONG 8
| #define __EXTENSIONS__ 1
| #define _ALL_SOURCE 1
| #define _GNU_SOURCE 1
| #define _POSIX_PTHREAD_SEMANTICS 1
| #define _TANDEM_SOURCE 1
| #define HAVE_ERRNO_H 1
| #define HAVE_STDARG_H 1
| #define HAVE_STRING_H 1
| #define HAVE_STDLIB_H 1
| #define SIZEOF_SIZE_T 4
| #define NE_FMT_SIZE_T "u"
| #define SIZEOF_OFF_T 4
| #define NE_FMT_OFF_T "ld"
| #define SIZEOF_SSIZE_T 4
| #define NE_FMT_SSIZE_T "d"
| #define HAVE_DECL_STRERROR_R 1
| #define HAVE_STRERROR_R 1
| #define STRERROR_R_CHAR_P 1
| #define HAVE_SNPRINTF 1
| #define HAVE_VSNPRINTF 1
| #define HAVE_SYS_TIME_H 1
| #define HAVE_LIMITS_H 1
| #define HAVE_SYS_SELECT_H 1
| #define HAVE_ARPA_INET_H 1
| #define HAVE_LIBINTL_H 1
| #define HAVE_SIGNAL_H 1
| #define HAVE_SYS_SOCKET_H 1
| #define HAVE_NETINET_IN_H 1
| #define HAVE_NETINET_TCP_H 1
| #define HAVE_NETDB_H 1
| #define HAVE_SYS_POLL_H 1
| #define HAVE_FCNTL_H 1
| #define HAVE_ICONV_H 1
| #define HAVE_TIMEZONE 1
| #define SIZEOF_OFF64_T 8
| #define NE_FMT_OFF64_T "lld"
| #define HAVE_STRTOLL 1
| #define HAVE_LSEEK64 1
| #define HAVE_FSTAT64 1
| #define NE_HAVE_LFS 1
| #define NE_FMT_NE_OFF_T NE_FMT_OFF64_T
| #define HAVE_STRCASECMP 1
| #define HAVE_SIGNAL 1
| #define HAVE_SETVBUF 1
| #define HAVE_SETSOCKOPT 1
| #define HAVE_STPCPY 1
| #define HAVE_POLL 1
| #define HAVE_FCNTL 1
| #define HAVE_GETSOCKOPT 1
| #define NE_USE_POLL 1
| #define HAVE_DECL_STPCPY 1
| #define HAVE_GAI_STRERROR 1
| #define HAVE_GETNAMEINFO 1
| #define HAVE_INET_NTOP 1
| #define NE_HAVE_IPV6 1
| #define USE_GETADDRINFO 1
| #define HAVE_SOCKLEN_T 1
| #define HAVE_STRUCT_TM_TM_GMTOFF 1
| /* end confdefs.h.  */
| #include <time.h>
| 
| int
| main ()
| {
| static struct tm ac_aggr;
| if (ac_aggr.__tm_gmtoff)
| return 0;
|   ;
|   return 0;
| }
configure:11171: gcc -c -g -O2  -D_LARGEFILE64_SOURCE -DNE_LFS conftest.c >&5
conftest.c: In function 'main':
conftest.c:91: error: 'struct tm' has no member named '__tm_gmtoff'
configure:11178: $? = 1
configure: failed program was:
| /* confdefs.h.  */
| #define PACKAGE_NAME "neon"
| #define PACKAGE_TARNAME "neon"
| #define PACKAGE_VERSION "0.28.6"
| #define PACKAGE_STRING "neon 0.28.6"
| #define PACKAGE_BUGREPORT "neon@lists.manyfish.co.uk"
| #define _GNU_SOURCE 1
| #define NEON_IS_LIBRARY 1
| #define NEON_VERSION "0.28.6"
| #define NE_VERSION_MAJOR (0)
| #define NE_VERSION_MINOR (28)
| #define NE_VERSION_PATCH (6)
| #define STDC_HEADERS 1
| #define HAVE_SYS_TYPES_H 1
| #define HAVE_SYS_STAT_H 1
| #define HAVE_STDLIB_H 1
| #define HAVE_STRING_H 1
| #define HAVE_MEMORY_H 1
| #define HAVE_STRINGS_H 1
| #define HAVE_INTTYPES_H 1
| #define HAVE_STDINT_H 1
| #define HAVE_UNISTD_H 1
| #define SIZEOF_INT 4
| #define SIZEOF_LONG 4
| #define SIZEOF_LONG_LONG 8
| #define __EXTENSIONS__ 1
| #define _ALL_SOURCE 1
| #define _GNU_SOURCE 1
| #define _POSIX_PTHREAD_SEMANTICS 1
| #define _TANDEM_SOURCE 1
| #define HAVE_ERRNO_H 1
| #define HAVE_STDARG_H 1
| #define HAVE_STRING_H 1
| #define HAVE_STDLIB_H 1
| #define SIZEOF_SIZE_T 4
| #define NE_FMT_SIZE_T "u"
| #define SIZEOF_OFF_T 4
| #define NE_FMT_OFF_T "ld"
| #define SIZEOF_SSIZE_T 4
| #define NE_FMT_SSIZE_T "d"
| #define HAVE_DECL_STRERROR_R 1
| #define HAVE_STRERROR_R 1
| #define STRERROR_R_CHAR_P 1
| #define HAVE_SNPRINTF 1
| #define HAVE_VSNPRINTF 1
| #define HAVE_SYS_TIME_H 1
| #define HAVE_LIMITS_H 1
| #define HAVE_SYS_SELECT_H 1
| #define HAVE_ARPA_INET_H 1
| #define HAVE_LIBINTL_H 1
| #define HAVE_SIGNAL_H 1
| #define HAVE_SYS_SOCKET_H 1
| #define HAVE_NETINET_IN_H 1
| #define HAVE_NETINET_TCP_H 1
| #define HAVE_NETDB_H 1
| #define HAVE_SYS_POLL_H 1
| #define HAVE_FCNTL_H 1
| #define HAVE_ICONV_H 1
| #define HAVE_TIMEZONE 1
| #define SIZEOF_OFF64_T 8
| #define NE_FMT_OFF64_T "lld"
| #define HAVE_STRTOLL 1
| #define HAVE_LSEEK64 1
| #define HAVE_FSTAT64 1
| #define NE_HAVE_LFS 1
| #define NE_FMT_NE_OFF_T NE_FMT_OFF64_T
| #define HAVE_STRCASECMP 1
| #define HAVE_SIGNAL 1
| #define HAVE_SETVBUF 1
| #define HAVE_SETSOCKOPT 1
| #define HAVE_STPCPY 1
| #define HAVE_POLL 1
| #define HAVE_FCNTL 1
| #define HAVE_GETSOCKOPT 1
| #define NE_USE_POLL 1
| #define HAVE_DECL_STPCPY 1
| #define HAVE_GAI_STRERROR 1
| #define HAVE_GETNAMEINFO 1
| #define HAVE_INET_NTOP 1
| #define NE_HAVE_IPV6 1
| #define USE_GETADDRINFO 1
| #define HAVE_SOCKLEN_T 1
| #define HAVE_STRUCT_TM_TM_GMTOFF 1
| /* end confdefs.h.  */
| #include <time.h>
| 
| int
| main ()
| {
| static struct tm ac_aggr;
| if (sizeof ac_aggr.__tm_gmtoff)
| return 0;
|   ;
|   return 0;
| }
configure:11196: result: no
configure:11235: checking zlib.h usability
configure:11252: gcc -c -g -O2  -D_LARGEFILE64_SOURCE -DNE_LFS conftest.c >&5
configure:11259: $? = 0
configure:11273: result: yes
configure:11277: checking zlib.h presence
configure:11292: gcc -E  -D_LARGEFILE64_SOURCE -DNE_LFS conftest.c
configure:11299: $? = 0
configure:11313: result: yes
configure:11346: checking for zlib.h
configure:11353: result: yes
configure:11359: checking for inflate in -lz
configure:11394: gcc -o conftest -g -O2  -D_LARGEFILE64_SOURCE -DNE_LFS  conftest.c -lz   >&5
configure:11401: $? = 0
configure:11422: result: yes
configure:11436: zlib support enabled, using -lz
configure:11474: checking whether to enable ACL support in neon
configure:11480: result: yes
configure:13279: SSL support is not enabled
configure:13286: Thread-safe SSL support is not enabled
configure:13454: Thread-safe SSL not supported
configure:13807: SOCKSv5 support is not enabled
configure:13821: checking for krb5-config
configure:13840: found /usr/kerberos/bin/krb5-config
configure:13853: result: /usr/kerberos/bin/krb5-config
configure:13887: checking gssapi/gssapi.h usability
configure:13904: gcc -c -g -O2  -D_LARGEFILE64_SOURCE -DNE_LFS  conftest.c >&5
configure:13911: $? = 0
configure:13925: result: yes
configure:13929: checking gssapi/gssapi.h presence
configure:13944: gcc -E  -D_LARGEFILE64_SOURCE -DNE_LFS  conftest.c
configure:13951: $? = 0
configure:13965: result: yes
configure:13998: checking for gssapi/gssapi.h
configure:14007: result: yes
configure:14025: checking for gss_init_sec_context
configure:14081: gcc -o conftest -g -O2  -D_LARGEFILE64_SOURCE -DNE_LFS   conftest.c   -lz -lgssapi_krb5 -lkrb5 -lk5crypto -lcom_err >&5
configure:14088: $? = 0
configure:14110: result: yes
configure:14121: GSSAPI authentication support enabled
configure:14144: checking gssapi/gssapi_generic.h usability
configure:14161: gcc -c -g -O2  -D_LARGEFILE64_SOURCE -DNE_LFS  conftest.c >&5
configure:14168: $? = 0
configure:14182: result: yes
configure:14186: checking gssapi/gssapi_generic.h presence
configure:14201: gcc -E  -D_LARGEFILE64_SOURCE -DNE_LFS  conftest.c
configure:14208: $? = 0
configure:14222: result: yes
configure:14255: checking for gssapi/gssapi_generic.h
configure:14264: result: yes
configure:14280: checking whether GSS_C_NT_HOSTBASED_SERVICE is declared
configure:14314: gcc -c -g -O2  -D_LARGEFILE64_SOURCE -DNE_LFS  conftest.c >&5
configure:14321: $? = 0
configure:14336: result: yes
configure:14432: checking build system type
configure:14450: result: i686-pc-linux-gnu
configure:14472: checking host system type
configure:14487: result: i686-pc-linux-gnu
configure:14509: checking for a sed that does not truncate output
configure:14575: result: /bin/sed
configure:14593: checking for fgrep
configure:14657: result: /bin/grep -F
configure:14692: checking for ld used by gcc
configure:14759: result: /usr/bin/ld
configure:14768: checking if the linker (/usr/bin/ld) is GNU ld
configure:14783: result: yes
configure:14795: checking for BSD- or MS-compatible name lister (nm)
configure:14844: result: /usr/bin/nm -B
configure:14962: checking the name lister (/usr/bin/nm -B) interface
configure:14969: gcc -c -g -O2  -D_LARGEFILE64_SOURCE -DNE_LFS  conftest.c >&5
configure:14972: /usr/bin/nm -B "conftest.o"
configure:14975: output
00000000 B some_variable
configure:14982: result: BSD nm
configure:14985: checking whether ln -s works
configure:14989: result: yes
configure:14997: checking the maximum length of command line arguments
configure:15117: result: 1966080
configure:15134: checking whether the shell understands some XSI constructs
configure:15144: result: yes
configure:15148: checking whether the shell understands "+="
configure:15154: result: yes
configure:15189: checking for /usr/bin/ld option to reload object files
configure:15196: result: -r
configure:15265: checking for objdump
configure:15281: found /usr/bin/objdump
configure:15292: result: objdump
configure:15324: checking how to recognize dependent libraries
configure:15520: result: pass_all
configure:15580: checking for ar
configure:15596: found /usr/bin/ar
configure:15607: result: ar
configure:15685: checking for strip
configure:15701: found /usr/bin/strip
configure:15712: result: strip
configure:15784: checking for ranlib
configure:15800: found /usr/bin/ranlib
configure:15811: result: ranlib
configure:15901: checking command to parse /usr/bin/nm -B output from gcc object
configure:16019: gcc -c -g -O2  -D_LARGEFILE64_SOURCE -DNE_LFS  conftest.c >&5
configure:16022: $? = 0
configure:16026: /usr/bin/nm -B conftest.o \| sed -n -e 's/^.*[	 ]\([ABCDGIRSTW][ABCDGIRSTW]*\)[	 ][	 ]*\([_A-Za-z][_A-Za-z0-9]*\)$/\1 \2 \2/p' \> conftest.nm
configure:16029: $? = 0
configure:16083: gcc -o conftest -g -O2  -D_LARGEFILE64_SOURCE -DNE_LFS   conftest.c conftstm.o >&5
configure:16086: $? = 0
configure:16124: result: ok
configure:16989: checking for dlfcn.h
configure:17010: gcc -c -g -O2  -D_LARGEFILE64_SOURCE -DNE_LFS  conftest.c >&5
configure:17017: $? = 0
configure:17034: result: yes
configure:17190: checking for objdir
configure:17205: result: .libs
configure:17497: checking if gcc supports -fno-rtti -fno-exceptions
configure:17515: gcc -c -g -O2  -D_LARGEFILE64_SOURCE -DNE_LFS  -fno-rtti -fno-exceptions conftest.c >&5
cc1: warning: command line option "-fno-rtti" is valid for C++/ObjC++ but not for C
cc1: warning: command line option "-fno-rtti" is valid for C++/ObjC++ but not for C
configure:17519: $? = 0
configure:17532: result: no
configure:17552: checking for gcc option to produce PIC
configure:17824: result: -fPIC -DPIC
configure:17836: checking if gcc PIC flag -fPIC -DPIC works
configure:17854: gcc -c -g -O2  -D_LARGEFILE64_SOURCE -DNE_LFS  -fPIC -DPIC -DPIC conftest.c >&5
configure:17858: $? = 0
configure:17871: result: yes
configure:17895: checking if gcc static flag -static works
configure:17923: result: yes
configure:17938: checking if gcc supports -c -o file.o
configure:17959: gcc -c -g -O2  -D_LARGEFILE64_SOURCE -DNE_LFS  -o out/conftest2.o conftest.c >&5
configure:17963: $? = 0
configure:17985: result: yes
configure:17993: checking if gcc supports -c -o file.o
configure:18040: result: yes
configure:18073: checking whether the gcc linker (/usr/bin/ld) supports shared libraries
configure:19147: result: yes
configure:19386: checking dynamic linker characteristics
configure:19829: gcc -o conftest -g -O2  -D_LARGEFILE64_SOURCE -DNE_LFS   -Wl,-rpath -Wl,/foo conftest.c  >&5
configure:19836: $? = 0
configure:20072: result: GNU/Linux ld.so
configure:20174: checking how to hardcode library paths into programs
configure:20199: result: immediate
configure:21032: checking whether stripping libraries is possible
configure:21037: result: yes
configure:21072: checking if libtool supports shared libraries
configure:21074: result: yes
configure:21077: checking whether to build shared libraries
configure:21098: result: no
configure:21101: checking whether to build static libraries
configure:21105: result: yes
configure:21153: checking size of time_t
configure:21488: gcc -o conftest -g -O2  -D_LARGEFILE64_SOURCE -DNE_LFS   conftest.c  >&5
configure:21492: $? = 0
configure:21498: ./conftest
configure:21502: $? = 0
configure:21528: result: 4
configure:21543: checking how to print time_t
configure:21581: gcc -c -g -O2  -D_LARGEFILE64_SOURCE -DNE_LFS  -Wformat -Werror conftest.c >&5
cc1: warnings being treated as errors
conftest.c: In function 'main':
conftest.c:102: error: format '%d' expects type 'int', but argument 2 has type 'time_t'
configure:21588: $? = 1
configure: failed program was:
| /* confdefs.h.  */
| #define PACKAGE_NAME "neon"
| #define PACKAGE_TARNAME "neon"
| #define PACKAGE_VERSION "0.28.6"
| #define PACKAGE_STRING "neon 0.28.6"
| #define PACKAGE_BUGREPORT "neon@lists.manyfish.co.uk"
| #define _GNU_SOURCE 1
| #define NEON_IS_LIBRARY 1
| #define NEON_VERSION "0.28.6"
| #define NE_VERSION_MAJOR (0)
| #define NE_VERSION_MINOR (28)
| #define NE_VERSION_PATCH (6)
| #define STDC_HEADERS 1
| #define HAVE_SYS_TYPES_H 1
| #define HAVE_SYS_STAT_H 1
| #define HAVE_STDLIB_H 1
| #define HAVE_STRING_H 1
| #define HAVE_MEMORY_H 1
| #define HAVE_STRINGS_H 1
| #define HAVE_INTTYPES_H 1
| #define HAVE_STDINT_H 1
| #define HAVE_UNISTD_H 1
| #define SIZEOF_INT 4
| #define SIZEOF_LONG 4
| #define SIZEOF_LONG_LONG 8
| #define __EXTENSIONS__ 1
| #define _ALL_SOURCE 1
| #define _GNU_SOURCE 1
| #define _POSIX_PTHREAD_SEMANTICS 1
| #define _TANDEM_SOURCE 1
| #define HAVE_ERRNO_H 1
| #define HAVE_STDARG_H 1
| #define HAVE_STRING_H 1
| #define HAVE_STDLIB_H 1
| #define SIZEOF_SIZE_T 4
| #define NE_FMT_SIZE_T "u"
| #define SIZEOF_OFF_T 4
| #define NE_FMT_OFF_T "ld"
| #define SIZEOF_SSIZE_T 4
| #define NE_FMT_SSIZE_T "d"
| #define HAVE_DECL_STRERROR_R 1
| #define HAVE_STRERROR_R 1
| #define STRERROR_R_CHAR_P 1
| #define HAVE_SNPRINTF 1
| #define HAVE_VSNPRINTF 1
| #define HAVE_SYS_TIME_H 1
| #define HAVE_LIMITS_H 1
| #define HAVE_SYS_SELECT_H 1
| #define HAVE_ARPA_INET_H 1
| #define HAVE_LIBINTL_H 1
| #define HAVE_SIGNAL_H 1
| #define HAVE_SYS_SOCKET_H 1
| #define HAVE_NETINET_IN_H 1
| #define HAVE_NETINET_TCP_H 1
| #define HAVE_NETDB_H 1
| #define HAVE_SYS_POLL_H 1
| #define HAVE_FCNTL_H 1
| #define HAVE_ICONV_H 1
| #define HAVE_TIMEZONE 1
| #define SIZEOF_OFF64_T 8
| #define NE_FMT_OFF64_T "lld"
| #define HAVE_STRTOLL 1
| #define HAVE_LSEEK64 1
| #define HAVE_FSTAT64 1
| #define NE_HAVE_LFS 1
| #define NE_FMT_NE_OFF_T NE_FMT_OFF64_T
| #define HAVE_STRCASECMP 1
| #define HAVE_SIGNAL 1
| #define HAVE_SETVBUF 1
| #define HAVE_SETSOCKOPT 1
| #define HAVE_STPCPY 1
| #define HAVE_POLL 1
| #define HAVE_FCNTL 1
| #define HAVE_GETSOCKOPT 1
| #define NE_USE_POLL 1
| #define HAVE_DECL_STPCPY 1
| #define HAVE_GAI_STRERROR 1
| #define HAVE_GETNAMEINFO 1
| #define HAVE_INET_NTOP 1
| #define NE_HAVE_IPV6 1
| #define USE_GETADDRINFO 1
| #define HAVE_SOCKLEN_T 1
| #define HAVE_STRUCT_TM_TM_GMTOFF 1
| #define NE_HAVE_ZLIB 1
| #define HAVE_GSSAPI_GSSAPI_H 1
| #define HAVE_GSS_INIT_SEC_CONTEXT 1
| #define HAVE_GSSAPI 1
| #define HAVE_GSSAPI_GSSAPI_GENERIC_H 1
| #define HAVE_DLFCN_H 1
| #define LT_OBJDIR ".libs/"
| #define SIZEOF_TIME_T 4
| /* end confdefs.h.  */
| #include <sys/types.h>
| 
| #ifdef HAVE_SYS_TIME_H
| #include <sys/time.h>
| #endif
| #include <stdio.h>
| int
| main ()
| {
| time_t i = 1; printf("%d", i);
|   ;
|   return 0;
| }
configure:21581: gcc -c -g -O2  -D_LARGEFILE64_SOURCE -DNE_LFS  -Wformat -Werror conftest.c >&5
configure:21588: $? = 0
configure:21615: result: ld
configure:21631: checking for pid_t
configure:21659: gcc -c -g -O2  -D_LARGEFILE64_SOURCE -DNE_LFS  conftest.c >&5
configure:21666: $? = 0
configure:21693: gcc -c -g -O2  -D_LARGEFILE64_SOURCE -DNE_LFS  conftest.c >&5
conftest.c: In function 'main':
conftest.c:130: error: expected expression before ')' token
configure:21700: $? = 1
configure: failed program was:
| /* confdefs.h.  */
| #define PACKAGE_NAME "neon"
| #define PACKAGE_TARNAME "neon"
| #define PACKAGE_VERSION "0.28.6"
| #define PACKAGE_STRING "neon 0.28.6"
| #define PACKAGE_BUGREPORT "neon@lists.manyfish.co.uk"
| #define _GNU_SOURCE 1
| #define NEON_IS_LIBRARY 1
| #define NEON_VERSION "0.28.6"
| #define NE_VERSION_MAJOR (0)
| #define NE_VERSION_MINOR (28)
| #define NE_VERSION_PATCH (6)
| #define STDC_HEADERS 1
| #define HAVE_SYS_TYPES_H 1
| #define HAVE_SYS_STAT_H 1
| #define HAVE_STDLIB_H 1
| #define HAVE_STRING_H 1
| #define HAVE_MEMORY_H 1
| #define HAVE_STRINGS_H 1
| #define HAVE_INTTYPES_H 1
| #define HAVE_STDINT_H 1
| #define HAVE_UNISTD_H 1
| #define SIZEOF_INT 4
| #define SIZEOF_LONG 4
| #define SIZEOF_LONG_LONG 8
| #define __EXTENSIONS__ 1
| #define _ALL_SOURCE 1
| #define _GNU_SOURCE 1
| #define _POSIX_PTHREAD_SEMANTICS 1
| #define _TANDEM_SOURCE 1
| #define HAVE_ERRNO_H 1
| #define HAVE_STDARG_H 1
| #define HAVE_STRING_H 1
| #define HAVE_STDLIB_H 1
| #define SIZEOF_SIZE_T 4
| #define NE_FMT_SIZE_T "u"
| #define SIZEOF_OFF_T 4
| #define NE_FMT_OFF_T "ld"
| #define SIZEOF_SSIZE_T 4
| #define NE_FMT_SSIZE_T "d"
| #define HAVE_DECL_STRERROR_R 1
| #define HAVE_STRERROR_R 1
| #define STRERROR_R_CHAR_P 1
| #define HAVE_SNPRINTF 1
| #define HAVE_VSNPRINTF 1
| #define HAVE_SYS_TIME_H 1
| #define HAVE_LIMITS_H 1
| #define HAVE_SYS_SELECT_H 1
| #define HAVE_ARPA_INET_H 1
| #define HAVE_LIBINTL_H 1
| #define HAVE_SIGNAL_H 1
| #define HAVE_SYS_SOCKET_H 1
| #define HAVE_NETINET_IN_H 1
| #define HAVE_NETINET_TCP_H 1
| #define HAVE_NETDB_H 1
| #define HAVE_SYS_POLL_H 1
| #define HAVE_FCNTL_H 1
| #define HAVE_ICONV_H 1
| #define HAVE_TIMEZONE 1
| #define SIZEOF_OFF64_T 8
| #define NE_FMT_OFF64_T "lld"
| #define HAVE_STRTOLL 1
| #define HAVE_LSEEK64 1
| #define HAVE_FSTAT64 1
| #define NE_HAVE_LFS 1
| #define NE_FMT_NE_OFF_T NE_FMT_OFF64_T
| #define HAVE_STRCASECMP 1
| #define HAVE_SIGNAL 1
| #define HAVE_SETVBUF 1
| #define HAVE_SETSOCKOPT 1
| #define HAVE_STPCPY 1
| #define HAVE_POLL 1
| #define HAVE_FCNTL 1
| #define HAVE_GETSOCKOPT 1
| #define NE_USE_POLL 1
| #define HAVE_DECL_STPCPY 1
| #define HAVE_GAI_STRERROR 1
| #define HAVE_GETNAMEINFO 1
| #define HAVE_INET_NTOP 1
| #define NE_HAVE_IPV6 1
| #define USE_GETADDRINFO 1
| #define HAVE_SOCKLEN_T 1
| #define HAVE_STRUCT_TM_TM_GMTOFF 1
| #define NE_HAVE_ZLIB 1
| #define HAVE_GSSAPI_GSSAPI_H 1
| #define HAVE_GSS_INIT_SEC_CONTEXT 1
| #define HAVE_GSSAPI 1
| #define HAVE_GSSAPI_GSSAPI_GENERIC_H 1
| #define HAVE_DLFCN_H 1
| #define LT_OBJDIR ".libs/"
| #define SIZEOF_TIME_T 4
| #define NE_FMT_TIME_T "ld"
| /* end confdefs.h.  */
| #include <stdio.h>
| #ifdef HAVE_SYS_TYPES_H
| # include <sys/types.h>
| #endif
| #ifdef HAVE_SYS_STAT_H
| # include <sys/stat.h>
| #endif
| #ifdef STDC_HEADERS
| # include <stdlib.h>
| # include <stddef.h>
| #else
| # ifdef HAVE_STDLIB_H
| #  include <stdlib.h>
| # endif
| #endif
| #ifdef HAVE_STRING_H
| # if !defined STDC_HEADERS && defined HAVE_MEMORY_H
| #  include <memory.h>
| # endif
| # include <string.h>
| #endif
| #ifdef HAVE_STRINGS_H
| # include <strings.h>
| #endif
| #ifdef HAVE_INTTYPES_H
| # include <inttypes.h>
| #endif
| #ifdef HAVE_STDINT_H
| # include <stdint.h>
| #endif
| #ifdef HAVE_UNISTD_H
| # include <unistd.h>
| #endif
| int
| main ()
| {
| if (sizeof ((pid_t)))
| 	  return 0;
|   ;
|   return 0;
| }
configure:21723: result: yes
configure:21735: checking whether time.h and sys/time.h may both be included
configure:21765: gcc -c -g -O2  -D_LARGEFILE64_SOURCE -DNE_LFS  conftest.c >&5
configure:21772: $? = 0
configure:21787: result: yes
configure:21847: checking for ar
configure:21865: found /usr/bin/ar
configure:21877: result: /usr/bin/ar
configure:21950: checking for ranlib
configure:21968: found /usr/bin/ranlib
configure:21980: result: /usr/bin/ranlib
configure:22021: checking for sys/time.h
configure:22028: result: yes
configure:22021: checking for stdint.h
configure:22028: result: yes
configure:22032: checking locale.h usability
configure:22049: gcc -c -g -O2  -D_LARGEFILE64_SOURCE -DNE_LFS  conftest.c >&5
configure:22056: $? = 0
configure:22070: result: yes
configure:22074: checking locale.h presence
configure:22089: gcc -E  -D_LARGEFILE64_SOURCE -DNE_LFS  conftest.c
configure:22096: $? = 0
configure:22110: result: yes
configure:22143: checking for locale.h
configure:22152: result: yes
configure:22176: checking for pipe
configure:22232: gcc -o conftest -g -O2  -D_LARGEFILE64_SOURCE -DNE_LFS   conftest.c  >&5
configure:22239: $? = 0
configure:22261: result: yes
configure:22176: checking for isatty
configure:22232: gcc -o conftest -g -O2  -D_LARGEFILE64_SOURCE -DNE_LFS   conftest.c  >&5
configure:22239: $? = 0
configure:22261: result: yes
configure:22176: checking for usleep
configure:22232: gcc -o conftest -g -O2  -D_LARGEFILE64_SOURCE -DNE_LFS   conftest.c  >&5
configure:22239: $? = 0
configure:22261: result: yes
configure:22176: checking for shutdown
configure:22232: gcc -o conftest -g -O2  -D_LARGEFILE64_SOURCE -DNE_LFS   conftest.c  >&5
configure:22239: $? = 0
configure:22261: result: yes
configure:22176: checking for setlocale
configure:22232: gcc -o conftest -g -O2  -D_LARGEFILE64_SOURCE -DNE_LFS   conftest.c  >&5
configure:22239: $? = 0
configure:22261: result: yes
configure:22320: WebDAV support is enabled
configure:23407: checking expat.h usability
configure:23424: gcc -c -g -O2  -D_LARGEFILE64_SOURCE -DNE_LFS  conftest.c >&5
configure:23431: $? = 0
configure:23445: result: yes
configure:23449: checking expat.h presence
configure:23464: gcc -E  -D_LARGEFILE64_SOURCE -DNE_LFS  conftest.c
configure:23471: $? = 0
configure:23485: result: yes
configure:23518: checking for expat.h
configure:23525: result: yes
configure:23530: checking for XML_SetXmlDeclHandler in -lexpat
configure:23565: gcc -o conftest -g -O2  -D_LARGEFILE64_SOURCE -DNE_LFS   conftest.c -lexpat   >&5
configure:23572: $? = 0
configure:23593: result: yes
configure:23605: checking for XML_Size
configure:23634: gcc -c -g -O2  -D_LARGEFILE64_SOURCE -DNE_LFS  conftest.c >&5
configure:23641: $? = 0
configure:23669: gcc -c -g -O2  -D_LARGEFILE64_SOURCE -DNE_LFS  conftest.c >&5
conftest.c: In function 'main':
conftest.c:110: error: expected expression before ')' token
configure:23676: $? = 1
configure: failed program was:
| /* confdefs.h.  */
| #define PACKAGE_NAME "neon"
| #define PACKAGE_TARNAME "neon"
| #define PACKAGE_VERSION "0.28.6"
| #define PACKAGE_STRING "neon 0.28.6"
| #define PACKAGE_BUGREPORT "neon@lists.manyfish.co.uk"
| #define _GNU_SOURCE 1
| #define NEON_IS_LIBRARY 1
| #define NEON_VERSION "0.28.6"
| #define NE_VERSION_MAJOR (0)
| #define NE_VERSION_MINOR (28)
| #define NE_VERSION_PATCH (6)
| #define STDC_HEADERS 1
| #define HAVE_SYS_TYPES_H 1
| #define HAVE_SYS_STAT_H 1
| #define HAVE_STDLIB_H 1
| #define HAVE_STRING_H 1
| #define HAVE_MEMORY_H 1
| #define HAVE_STRINGS_H 1
| #define HAVE_INTTYPES_H 1
| #define HAVE_STDINT_H 1
| #define HAVE_UNISTD_H 1
| #define SIZEOF_INT 4
| #define SIZEOF_LONG 4
| #define SIZEOF_LONG_LONG 8
| #define __EXTENSIONS__ 1
| #define _ALL_SOURCE 1
| #define _GNU_SOURCE 1
| #define _POSIX_PTHREAD_SEMANTICS 1
| #define _TANDEM_SOURCE 1
| #define HAVE_ERRNO_H 1
| #define HAVE_STDARG_H 1
| #define HAVE_STRING_H 1
| #define HAVE_STDLIB_H 1
| #define SIZEOF_SIZE_T 4
| #define NE_FMT_SIZE_T "u"
| #define SIZEOF_OFF_T 4
| #define NE_FMT_OFF_T "ld"
| #define SIZEOF_SSIZE_T 4
| #define NE_FMT_SSIZE_T "d"
| #define HAVE_DECL_STRERROR_R 1
| #define HAVE_STRERROR_R 1
| #define STRERROR_R_CHAR_P 1
| #define HAVE_SNPRINTF 1
| #define HAVE_VSNPRINTF 1
| #define HAVE_SYS_TIME_H 1
| #define HAVE_LIMITS_H 1
| #define HAVE_SYS_SELECT_H 1
| #define HAVE_ARPA_INET_H 1
| #define HAVE_LIBINTL_H 1
| #define HAVE_SIGNAL_H 1
| #define HAVE_SYS_SOCKET_H 1
| #define HAVE_NETINET_IN_H 1
| #define HAVE_NETINET_TCP_H 1
| #define HAVE_NETDB_H 1
| #define HAVE_SYS_POLL_H 1
| #define HAVE_FCNTL_H 1
| #define HAVE_ICONV_H 1
| #define HAVE_TIMEZONE 1
| #define SIZEOF_OFF64_T 8
| #define NE_FMT_OFF64_T "lld"
| #define HAVE_STRTOLL 1
| #define HAVE_LSEEK64 1
| #define HAVE_FSTAT64 1
| #define NE_HAVE_LFS 1
| #define NE_FMT_NE_OFF_T NE_FMT_OFF64_T
| #define HAVE_STRCASECMP 1
| #define HAVE_SIGNAL 1
| #define HAVE_SETVBUF 1
| #define HAVE_SETSOCKOPT 1
| #define HAVE_STPCPY 1
| #define HAVE_POLL 1
| #define HAVE_FCNTL 1
| #define HAVE_GETSOCKOPT 1
| #define NE_USE_POLL 1
| #define HAVE_DECL_STPCPY 1
| #define HAVE_GAI_STRERROR 1
| #define HAVE_GETNAMEINFO 1
| #define HAVE_INET_NTOP 1
| #define NE_HAVE_IPV6 1
| #define USE_GETADDRINFO 1
| #define HAVE_SOCKLEN_T 1
| #define HAVE_STRUCT_TM_TM_GMTOFF 1
| #define NE_HAVE_ZLIB 1
| #define HAVE_GSSAPI_GSSAPI_H 1
| #define HAVE_GSS_INIT_SEC_CONTEXT 1
| #define HAVE_GSSAPI 1
| #define HAVE_GSSAPI_GSSAPI_GENERIC_H 1
| #define HAVE_DLFCN_H 1
| #define LT_OBJDIR ".libs/"
| #define SIZEOF_TIME_T 4
| #define NE_FMT_TIME_T "ld"
| #define TIME_WITH_SYS_TIME 1
| #define HAVE_SYS_TIME_H 1
| #define HAVE_STDINT_H 1
| #define HAVE_LOCALE_H 1
| #define HAVE_PIPE 1
| #define HAVE_ISATTY 1
| #define HAVE_USLEEP 1
| #define HAVE_SHUTDOWN 1
| #define HAVE_SETLOCALE 1
| #define NE_HAVE_DAV 1
| #define HAVE_EXPAT 1
| /* end confdefs.h.  */
| #include <expat.h>
| 
| int
| main ()
| {
| if (sizeof ((XML_Size)))
| 	  return 0;
|   ;
|   return 0;
| }
configure:23699: result: yes
configure:23710: checking size of XML_Size
configure:24027: gcc -o conftest -g -O2  -D_LARGEFILE64_SOURCE -DNE_LFS   conftest.c  >&5
configure:24031: $? = 0
configure:24037: ./conftest
configure:24041: $? = 0
configure:24067: result: 4
configure:24082: checking how to print XML_Size
configure:24117: gcc -c -g -O2  -D_LARGEFILE64_SOURCE -DNE_LFS  -Wformat -Werror conftest.c >&5
cc1: warnings being treated as errors
conftest.c: In function 'main':
conftest.c:112: error: format '%d' expects type 'int', but argument 2 has type 'XML_Size'
configure:24124: $? = 1
configure: failed program was:
| /* confdefs.h.  */
| #define PACKAGE_NAME "neon"
| #define PACKAGE_TARNAME "neon"
| #define PACKAGE_VERSION "0.28.6"
| #define PACKAGE_STRING "neon 0.28.6"
| #define PACKAGE_BUGREPORT "neon@lists.manyfish.co.uk"
| #define _GNU_SOURCE 1
| #define NEON_IS_LIBRARY 1
| #define NEON_VERSION "0.28.6"
| #define NE_VERSION_MAJOR (0)
| #define NE_VERSION_MINOR (28)
| #define NE_VERSION_PATCH (6)
| #define STDC_HEADERS 1
| #define HAVE_SYS_TYPES_H 1
| #define HAVE_SYS_STAT_H 1
| #define HAVE_STDLIB_H 1
| #define HAVE_STRING_H 1
| #define HAVE_MEMORY_H 1
| #define HAVE_STRINGS_H 1
| #define HAVE_INTTYPES_H 1
| #define HAVE_STDINT_H 1
| #define HAVE_UNISTD_H 1
| #define SIZEOF_INT 4
| #define SIZEOF_LONG 4
| #define SIZEOF_LONG_LONG 8
| #define __EXTENSIONS__ 1
| #define _ALL_SOURCE 1
| #define _GNU_SOURCE 1
| #define _POSIX_PTHREAD_SEMANTICS 1
| #define _TANDEM_SOURCE 1
| #define HAVE_ERRNO_H 1
| #define HAVE_STDARG_H 1
| #define HAVE_STRING_H 1
| #define HAVE_STDLIB_H 1
| #define SIZEOF_SIZE_T 4
| #define NE_FMT_SIZE_T "u"
| #define SIZEOF_OFF_T 4
| #define NE_FMT_OFF_T "ld"
| #define SIZEOF_SSIZE_T 4
| #define NE_FMT_SSIZE_T "d"
| #define HAVE_DECL_STRERROR_R 1
| #define HAVE_STRERROR_R 1
| #define STRERROR_R_CHAR_P 1
| #define HAVE_SNPRINTF 1
| #define HAVE_VSNPRINTF 1
| #define HAVE_SYS_TIME_H 1
| #define HAVE_LIMITS_H 1
| #define HAVE_SYS_SELECT_H 1
| #define HAVE_ARPA_INET_H 1
| #define HAVE_LIBINTL_H 1
| #define HAVE_SIGNAL_H 1
| #define HAVE_SYS_SOCKET_H 1
| #define HAVE_NETINET_IN_H 1
| #define HAVE_NETINET_TCP_H 1
| #define HAVE_NETDB_H 1
| #define HAVE_SYS_POLL_H 1
| #define HAVE_FCNTL_H 1
| #define HAVE_ICONV_H 1
| #define HAVE_TIMEZONE 1
| #define SIZEOF_OFF64_T 8
| #define NE_FMT_OFF64_T "lld"
| #define HAVE_STRTOLL 1
| #define HAVE_LSEEK64 1
| #define HAVE_FSTAT64 1
| #define NE_HAVE_LFS 1
| #define NE_FMT_NE_OFF_T NE_FMT_OFF64_T
| #define HAVE_STRCASECMP 1
| #define HAVE_SIGNAL 1
| #define HAVE_SETVBUF 1
| #define HAVE_SETSOCKOPT 1
| #define HAVE_STPCPY 1
| #define HAVE_POLL 1
| #define HAVE_FCNTL 1
| #define HAVE_GETSOCKOPT 1
| #define NE_USE_POLL 1
| #define HAVE_DECL_STPCPY 1
| #define HAVE_GAI_STRERROR 1
| #define HAVE_GETNAMEINFO 1
| #define HAVE_INET_NTOP 1
| #define NE_HAVE_IPV6 1
| #define USE_GETADDRINFO 1
| #define HAVE_SOCKLEN_T 1
| #define HAVE_STRUCT_TM_TM_GMTOFF 1
| #define NE_HAVE_ZLIB 1
| #define HAVE_GSSAPI_GSSAPI_H 1
| #define HAVE_GSS_INIT_SEC_CONTEXT 1
| #define HAVE_GSSAPI 1
| #define HAVE_GSSAPI_GSSAPI_GENERIC_H 1
| #define HAVE_DLFCN_H 1
| #define LT_OBJDIR ".libs/"
| #define SIZEOF_TIME_T 4
| #define NE_FMT_TIME_T "ld"
| #define TIME_WITH_SYS_TIME 1
| #define HAVE_SYS_TIME_H 1
| #define HAVE_STDINT_H 1
| #define HAVE_LOCALE_H 1
| #define HAVE_PIPE 1
| #define HAVE_ISATTY 1
| #define HAVE_USLEEP 1
| #define HAVE_SHUTDOWN 1
| #define HAVE_SETLOCALE 1
| #define NE_HAVE_DAV 1
| #define HAVE_EXPAT 1
| #define SIZEOF_XML_SIZE 4
| /* end confdefs.h.  */
| #include <sys/types.h>
| #include <expat.h>
| #include <stdio.h>
| int
| main ()
| {
| XML_Size i = 1; printf("%d", i);
|   ;
|   return 0;
| }
configure:24117: gcc -c -g -O2  -D_LARGEFILE64_SOURCE -DNE_LFS  -Wformat -Werror conftest.c >&5
configure:24124: $? = 0
configure:24151: result: ld
configure:24613: XML parser used: expat
configure:24637: checking for library containing bindtextdomain
configure:24664: gcc -o conftest -g -O2  -D_LARGEFILE64_SOURCE -DNE_LFS   conftest.c  >&5
configure:24671: $? = 0
configure:24751: result: none needed
configure:24769: checking for bind_textdomain_codeset
configure:24825: gcc -o conftest -g -O2  -D_LARGEFILE64_SOURCE -DNE_LFS   conftest.c   -lz -lgssapi_krb5 -lkrb5 -lk5crypto -lcom_err -lexpat >&5
configure:24832: $? = 0
configure:24854: result: yes
configure:24887: Internationalization support enabled
configure:24914: debugging is enabled
configure:25130: checking for pkg-config
configure:25148: found /usr/bin/pkg-config
configure:25161: result: /usr/bin/pkg-config
configure:25316: creating ./config.status

## ---------------------- ##
## Running config.status. ##
## ---------------------- ##

This file was extended by neon config.status 0.28.6, which was
generated by GNU Autoconf 2.63.  Invocation command line was

  CONFIG_FILES    = 
  CONFIG_HEADERS  = 
  CONFIG_LINKS    = 
  CONFIG_COMMANDS = 
  $ ./config.status 

on ginger

config.status:1078: creating neon-config
config.status:1078: creating Makefile
config.status:1078: creating src/Makefile
config.status:1078: creating test/Makefile
config.status:1078: creating neon.pc
config.status:1078: creating test/makekeys
config.status:1078: creating config.h
config.status:1312: executing libtool commands
configure:27383: Configured to build neon 0.28.6:

  Install prefix:  /usr/local
  Compiler:        gcc
  XML Parser:      expat
  SSL library:     SSL support is not enabled
  zlib support:    zlib support enabled, using -lz
  Build libraries: Shared=no, Static=yes


## ---------------- ##
## Cache variables. ##
## ---------------- ##

ac_cv_build=i686-pc-linux-gnu
ac_cv_c_bigendian=no
ac_cv_c_compiler_gnu=yes
ac_cv_c_const=yes
ac_cv_c_inline=inline
ac_cv_env_CC_set=
ac_cv_env_CC_value=
ac_cv_env_CFLAGS_set=
ac_cv_env_CFLAGS_value=
ac_cv_env_CPPFLAGS_set=
ac_cv_env_CPPFLAGS_value=
ac_cv_env_CPP_set=
ac_cv_env_CPP_value=
ac_cv_env_LDFLAGS_set=
ac_cv_env_LDFLAGS_value=
ac_cv_env_LIBS_set=
ac_cv_env_LIBS_value=
ac_cv_env_build_alias_set=
ac_cv_env_build_alias_value=
ac_cv_env_host_alias_set=
ac_cv_env_host_alias_value=
ac_cv_env_target_alias_set=
ac_cv_env_target_alias_value=
ac_cv_func_bind_textdomain_codeset=yes
ac_cv_func_fcntl=yes
ac_cv_func_fstat64=yes
ac_cv_func_gai_strerror=yes
ac_cv_func_getnameinfo=yes
ac_cv_func_getsockopt=yes
ac_cv_func_gss_init_sec_context=yes
ac_cv_func_inet_ntop=yes
ac_cv_func_isatty=yes
ac_cv_func_lseek64=yes
ac_cv_func_pipe=yes
ac_cv_func_poll=yes
ac_cv_func_setlocale=yes
ac_cv_func_setsockopt=yes
ac_cv_func_setvbuf=yes
ac_cv_func_shutdown=yes
ac_cv_func_signal=yes
ac_cv_func_snprintf=yes
ac_cv_func_stpcpy=yes
ac_cv_func_strcasecmp=yes
ac_cv_func_strerror_r=yes
ac_cv_func_strerror_r_char_p=yes
ac_cv_func_strtoll=yes
ac_cv_func_usleep=yes
ac_cv_func_vsnprintf=yes
ac_cv_have_decl_GSS_C_NT_HOSTBASED_SERVICE=yes
ac_cv_have_decl_stpcpy=yes
ac_cv_have_decl_strerror_r=yes
ac_cv_header_arpa_inet_h=yes
ac_cv_header_dlfcn_h=yes
ac_cv_header_errno_h=yes
ac_cv_header_expat_h=yes
ac_cv_header_fcntl_h=yes
ac_cv_header_gssapi_gssapi_generic_h=yes
ac_cv_header_gssapi_gssapi_h=yes
ac_cv_header_iconv_h=yes
ac_cv_header_inttypes_h=yes
ac_cv_header_libintl_h=yes
ac_cv_header_limits_h=yes
ac_cv_header_locale_h=yes
ac_cv_header_memory_h=yes
ac_cv_header_minix_config_h=no
ac_cv_header_netdb_h=yes
ac_cv_header_netinet_in_h=yes
ac_cv_header_netinet_tcp_h=yes
ac_cv_header_signal_h=yes
ac_cv_header_stdarg_h=yes
ac_cv_header_stdc=yes
ac_cv_header_stdint_h=yes
ac_cv_header_stdlib_h=yes
ac_cv_header_string_h=yes
ac_cv_header_strings_h=yes
ac_cv_header_sys_limits_h=no
ac_cv_header_sys_poll_h=yes
ac_cv_header_sys_select_h=yes
ac_cv_header_sys_socket_h=yes
ac_cv_header_sys_stat_h=yes
ac_cv_header_sys_time_h=yes
ac_cv_header_sys_types_h=yes
ac_cv_header_time=yes
ac_cv_header_unistd_h=yes
ac_cv_header_zlib_h=yes
ac_cv_host=i686-pc-linux-gnu
ac_cv_lib_expat_XML_SetXmlDeclHandler=yes
ac_cv_lib_z_inflate=yes
ac_cv_member_struct_tm___tm_gmtoff=no
ac_cv_member_struct_tm_tm_gmtoff=yes
ac_cv_objext=o
ac_cv_path_EGREP='/bin/grep -E'
ac_cv_path_FGREP='/bin/grep -F'
ac_cv_path_GREP=/bin/grep
ac_cv_path_KRB5_CONFIG=/usr/kerberos/bin/krb5-config
ac_cv_path_PKG_CONFIG=/usr/bin/pkg-config
ac_cv_path_SED=/bin/sed
ac_cv_path_ac_pt_AR=/usr/bin/ar
ac_cv_path_ac_pt_RANLIB=/usr/bin/ranlib
ac_cv_path_install='/usr/bin/install -c'
ac_cv_prog_CPP='gcc -E'
ac_cv_prog_ac_ct_AR=ar
ac_cv_prog_ac_ct_CC=gcc
ac_cv_prog_ac_ct_OBJDUMP=objdump
ac_cv_prog_ac_ct_RANLIB=ranlib
ac_cv_prog_ac_ct_STRIP=strip
ac_cv_prog_cc_c89=
ac_cv_prog_cc_g=yes
ac_cv_prog_make_make_set=yes
ac_cv_safe_to_define___extensions__=yes
ac_cv_sizeof_XML_Size=4
ac_cv_sizeof_int=4
ac_cv_sizeof_long=4
ac_cv_sizeof_long_long=8
ac_cv_sizeof_off64_t=8
ac_cv_sizeof_off_t=4
ac_cv_sizeof_size_t=4
ac_cv_sizeof_ssize_t=4
ac_cv_sizeof_time_t=4
ac_cv_type_XML_Size=yes
ac_cv_type_off64_t=yes
ac_cv_type_off_t=yes
ac_cv_type_pid_t=yes
ac_cv_type_size_t=yes
ac_cv_type_socklen_t=yes
lt_cv_deplibs_check_method=pass_all
lt_cv_file_magic_cmd='$MAGIC_CMD'
lt_cv_file_magic_test_file=
lt_cv_ld_reload_flag=-r
lt_cv_nm_interface='BSD nm'
lt_cv_objdir=.libs
lt_cv_path_LD=/usr/bin/ld
lt_cv_path_NM='/usr/bin/nm -B'
lt_cv_prog_compiler_c_o=yes
lt_cv_prog_compiler_pic_works=yes
lt_cv_prog_compiler_rtti_exceptions=no
lt_cv_prog_compiler_static_works=yes
lt_cv_prog_gnu_ld=yes
lt_cv_sys_global_symbol_pipe='sed -n -e '\''s/^.*[	 ]\([ABCDGIRSTW][ABCDGIRSTW]*\)[	 ][	 ]*\([_A-Za-z][_A-Za-z0-9]*\)$/\1 \2 \2/p'\'''
lt_cv_sys_global_symbol_to_c_name_address='sed -n -e '\''s/^: \([^ ]*\) $/  {\"\1\", (void *) 0},/p'\'' -e '\''s/^[ABCDGIRSTW]* \([^ ]*\) \([^ ]*\)$/  {"\2", (void *) \&\2},/p'\'''
lt_cv_sys_global_symbol_to_c_name_address_lib_prefix='sed -n -e '\''s/^: \([^ ]*\) $/  {\"\1\", (void *) 0},/p'\'' -e '\''s/^[ABCDGIRSTW]* \([^ ]*\) \(lib[^ ]*\)$/  {"\2", (void *) \&\2},/p'\'' -e '\''s/^[ABCDGIRSTW]* \([^ ]*\) \([^ ]*\)$/  {"lib\2", (void *) \&\2},/p'\'''
lt_cv_sys_global_symbol_to_cdecl='sed -n -e '\''s/^T .* \(.*\)$/extern int \1();/p'\'' -e '\''s/^[ABCDGIRSTW]* .* \(.*\)$/extern char \1;/p'\'''
lt_cv_sys_max_cmd_len=1966080
ne_cv_cc_timezone=yes
ne_cv_cc_werror=yes
ne_cv_fmt_XML_Size=ld
ne_cv_fmt_off64_t=lld
ne_cv_fmt_off_t=ld
ne_cv_fmt_size_t=u
ne_cv_fmt_ssize_t=d
ne_cv_fmt_time_t=ld
ne_cv_gai_addrconfig=no
ne_cv_libsfor_bindtextdomain='none needed'
ne_cv_libsfor_getaddrinfo='none needed'
ne_cv_libsfor_socket='none needed'
ne_cv_os_uname=Linux

## ----------------- ##
## Output variables. ##
## ----------------- ##

ALLOW_INSTALL='yes'
ALL_LINGUAS='cs de fr ja nn pl ru tr zh_CN'
AR='/usr/bin/ar'
CC='gcc'
CERTUTIL=''
CFLAGS='-g -O2 -prefer-pic'
CPP='gcc -E'
CPPFLAGS=' -D_LARGEFILE64_SOURCE -DNE_LFS  -I${top_builddir}'
DEFS='-DHAVE_CONFIG_H'
DSYMUTIL=''
DUMPBIN=''
ECHO_C=''
ECHO_N='-n'
ECHO_T=''
EGREP='/bin/grep -E'
EXEEXT=''
FGREP='/bin/grep -F'
GNUTLS_CONFIG=''
GREP='/bin/grep'
HELPERS=' $(ZLIB_HELPERS)'
INSTALL_DATA='${INSTALL} -m 644'
INSTALL_PROGRAM='${INSTALL}'
INSTALL_SCRIPT='${INSTALL}'
KRB5_CONFIG='/usr/kerberos/bin/krb5-config'
LD='/usr/bin/ld'
LDFLAGS=''
LIBOBJS=''
LIBS=''
LIBTOOL='$(SHELL) $(top_builddir)/libtool'
LIPO=''
LN_S='ln -s'
LTLIBOBJS=''
NEONOBJS=' $(NEON_DAVOBJS)'
NEON_BUILD_BUNDLED='yes'
NEON_CFLAGS=' -D_LARGEFILE64_SOURCE -DNE_LFS'
NEON_EXTRAOBJS=' ne_acl.lo ne_stubssl.lo'
NEON_LIBS=' -lz -lgssapi_krb5 -lkrb5 -lk5crypto -lcom_err -lexpat'
NEON_LINK_FLAGS='-version-info 28:6:1 -export-symbols-regex '\''^ne_[^_]'\'''
NEON_LTLIBS=''
NEON_OBJEXT='lo'
NEON_PC_LIBS=''
NEON_SUPPORTS_SSL=''
NEON_TARGET='libneon.la'
NEON_VERSION='0.28.6'
NE_FLAG_DAV='yes'
NE_FLAG_I18N='yes'
NE_FLAG_IPV6='yes'
NE_FLAG_LFS='yes'
NE_FLAG_SOCKS='no'
NE_FLAG_SSL='no'
NE_FLAG_TS_SSL='no'
NE_FLAG_ZLIB='yes'
NM='/usr/bin/nm -B'
NMEDIT=''
OBJDUMP='objdump'
OBJEXT='o'
OPENSSL=''
OTOOL64=''
OTOOL=''
PACKAGE_BUGREPORT='neon@lists.manyfish.co.uk'
PACKAGE_NAME='neon'
PACKAGE_STRING='neon 0.28.6'
PACKAGE_TARNAME='neon'
PACKAGE_VERSION='0.28.6'
PATH_SEPARATOR=':'
PK12UTIL=''
PKG_CONFIG='/usr/bin/pkg-config'
RANLIB='/usr/bin/ranlib'
SED='/bin/sed'
SET_MAKE=''
SHELL='/bin/sh'
STRIP='strip'
TESTS='$(BASIC_TESTS) $(ZLIB_TESTS) $(DAV_TESTS)'
TEST_LDFLAGS='-no-install'
XML2_CONFIG=''
ac_ct_CC='gcc'
ac_ct_DUMPBIN=''
bindir='${exec_prefix}/bin'
build='i686-pc-linux-gnu'
build_alias=''
build_cpu='i686'
build_os='linux-gnu'
build_vendor='pc'
datadir='${datarootdir}'
datarootdir='${prefix}/share'
docdir='${datarootdir}/doc/${PACKAGE_TARNAME}'
dvidir='${docdir}'
exec_prefix='${prefix}'
host='i686-pc-linux-gnu'
host_alias=''
host_cpu='i686'
host_os='linux-gnu'
host_vendor='pc'
htmldir='${docdir}'
includedir='${prefix}/include'
infodir='${datarootdir}/info'
libdir='${exec_prefix}/lib'
libexecdir='${exec_prefix}/libexec'
localedir='${prefix}/share/locale'
localstatedir='${prefix}/var'
lt_ECHO='echo'
mandir='${datarootdir}/man'
oldincludedir='/usr/include'
pdfdir='${docdir}'
prefix='/usr/local'
program_transform_name='s,x,x,'
psdir='${docdir}'
sbindir='${exec_prefix}/sbin'
sharedstatedir='${prefix}/com'
sysconfdir='${prefix}/etc'
target_alias=''
top_builddir=''
user_LDFLAGS=''

## ----------- ##
## confdefs.h. ##
## ----------- ##

#define PACKAGE_NAME "neon"
#define PACKAGE_TARNAME "neon"
#define PACKAGE_VERSION "0.28.6"
#define PACKAGE_STRING "neon 0.28.6"
#define PACKAGE_BUGREPORT "neon@lists.manyfish.co.uk"
#define _GNU_SOURCE 1
#define NEON_IS_LIBRARY 1
#define NEON_VERSION "0.28.6"
#define NE_VERSION_MAJOR (0)
#define NE_VERSION_MINOR (28)
#define NE_VERSION_PATCH (6)
#define STDC_HEADERS 1
#define HAVE_SYS_TYPES_H 1
#define HAVE_SYS_STAT_H 1
#define HAVE_STDLIB_H 1
#define HAVE_STRING_H 1
#define HAVE_MEMORY_H 1
#define HAVE_STRINGS_H 1
#define HAVE_INTTYPES_H 1
#define HAVE_STDINT_H 1
#define HAVE_UNISTD_H 1
#define SIZEOF_INT 4
#define SIZEOF_LONG 4
#define SIZEOF_LONG_LONG 8
#define __EXTENSIONS__ 1
#define _ALL_SOURCE 1
#define _GNU_SOURCE 1
#define _POSIX_PTHREAD_SEMANTICS 1
#define _TANDEM_SOURCE 1
#define HAVE_ERRNO_H 1
#define HAVE_STDARG_H 1
#define HAVE_STRING_H 1
#define HAVE_STDLIB_H 1
#define SIZEOF_SIZE_T 4
#define NE_FMT_SIZE_T "u"
#define SIZEOF_OFF_T 4
#define NE_FMT_OFF_T "ld"
#define SIZEOF_SSIZE_T 4
#define NE_FMT_SSIZE_T "d"
#define HAVE_DECL_STRERROR_R 1
#define HAVE_STRERROR_R 1
#define STRERROR_R_CHAR_P 1
#define HAVE_SNPRINTF 1
#define HAVE_VSNPRINTF 1
#define HAVE_SYS_TIME_H 1
#define HAVE_LIMITS_H 1
#define HAVE_SYS_SELECT_H 1
#define HAVE_ARPA_INET_H 1
#define HAVE_LIBINTL_H 1
#define HAVE_SIGNAL_H 1
#define HAVE_SYS_SOCKET_H 1
#define HAVE_NETINET_IN_H 1
#define HAVE_NETINET_TCP_H 1
#define HAVE_NETDB_H 1
#define HAVE_SYS_POLL_H 1
#define HAVE_FCNTL_H 1
#define HAVE_ICONV_H 1
#define HAVE_TIMEZONE 1
#define SIZEOF_OFF64_T 8
#define NE_FMT_OFF64_T "lld"
#define HAVE_STRTOLL 1
#define HAVE_LSEEK64 1
#define HAVE_FSTAT64 1
#define NE_HAVE_LFS 1
#define NE_FMT_NE_OFF_T NE_FMT_OFF64_T
#define HAVE_STRCASECMP 1
#define HAVE_SIGNAL 1
#define HAVE_SETVBUF 1
#define HAVE_SETSOCKOPT 1
#define HAVE_STPCPY 1
#define HAVE_POLL 1
#define HAVE_FCNTL 1
#define HAVE_GETSOCKOPT 1
#define NE_USE_POLL 1
#define HAVE_DECL_STPCPY 1
#define HAVE_GAI_STRERROR 1
#define HAVE_GETNAMEINFO 1
#define HAVE_INET_NTOP 1
#define NE_HAVE_IPV6 1
#define USE_GETADDRINFO 1
#define HAVE_SOCKLEN_T 1
#define HAVE_STRUCT_TM_TM_GMTOFF 1
#define NE_HAVE_ZLIB 1
#define HAVE_GSSAPI_GSSAPI_H 1
#define HAVE_GSS_INIT_SEC_CONTEXT 1
#define HAVE_GSSAPI 1
#define HAVE_GSSAPI_GSSAPI_GENERIC_H 1
#define HAVE_DLFCN_H 1
#define LT_OBJDIR ".libs/"
#define SIZEOF_TIME_T 4
#define NE_FMT_TIME_T "ld"
#define TIME_WITH_SYS_TIME 1
#define HAVE_SYS_TIME_H 1
#define HAVE_STDINT_H 1
#define HAVE_LOCALE_H 1
#define HAVE_PIPE 1
#define HAVE_ISATTY 1
#define HAVE_USLEEP 1
#define HAVE_SHUTDOWN 1
#define HAVE_SETLOCALE 1
#define NE_HAVE_DAV 1
#define HAVE_EXPAT 1
#define SIZEOF_XML_SIZE 4
#define NE_FMT_XML_SIZE "ld"
#define HAVE_BIND_TEXTDOMAIN_CODESET 1
#define NE_HAVE_I18N 1
#define LOCALEDIR "${prefix}/share/locale"
#define NE_DEBUGGING 1

configure: exit 0
